{"C:\\Users\\z0043zwf\\Desktop\\LeoProject\\__tests__\\helpers\\setup.js": {"path":"C:\\Users\\z0043zwf\\Desktop\\LeoProject\\__tests__\\helpers\\setup.js","statementMap":{"0":{"start":{"line":1,"column":17},"end":{"line":1,"column":53}},"1":{"start":{"line":2,"column":20},"end":{"line":2,"column":55}},"2":{"start":{"line":3,"column":16},"end":{"line":3,"column":34}},"3":{"start":{"line":4,"column":19},"end":{"line":4,"column":41}},"4":{"start":{"line":5,"column":20},"end":{"line":5,"column":50}},"5":{"start":{"line":6,"column":18},"end":{"line":6,"column":47}},"6":{"start":{"line":9,"column":16},"end":{"line":9,"column":25}},"7":{"start":{"line":11,"column":4},"end":{"line":13,"column":8}},"8":{"start":{"line":16,"column":4},"end":{"line":16,"column":40}},"9":{"start":{"line":17,"column":4},"end":{"line":17,"column":66}},"10":{"start":{"line":19,"column":4},"end":{"line":25,"column":8}},"11":{"start":{"line":26,"column":4},"end":{"line":26,"column":15}},"12":{"start":{"line":31,"column":0},"end":{"line":33,"column":1}}},"fnMap":{"0":{"name":"getExpressApp","decl":{"start":{"line":8,"column":9},"end":{"line":8,"column":22}},"loc":{"start":{"line":8,"column":25},"end":{"line":27,"column":1}},"line":8}},"branchMap":{"0":{"loc":{"start":{"line":2,"column":20},"end":{"line":2,"column":55}},"type":"binary-expr","locations":[{"start":{"line":2,"column":20},"end":{"line":2,"column":40}},{"start":{"line":2,"column":44},"end":{"line":2,"column":55}}],"line":2}},"s":{"0":1,"1":1,"2":1,"3":1,"4":1,"5":1,"6":2,"7":2,"8":2,"9":2,"10":2,"11":2,"12":1},"f":{"0":2},"b":{"0":[1,0]},"_coverageSchema":"43e27e138ebf9cfc5966b082cf9a028302ed4184","hash":"a2a985b29c7fde5d80efabb0c2152ea303279167"}
,"C:\\Users\\z0043zwf\\Desktop\\LeoProject\\config\\default.js": {"path":"C:\\Users\\z0043zwf\\Desktop\\LeoProject\\config\\default.js","statementMap":{"0":{"start":{"line":1,"column":20},"end":{"line":1,"column":55}},"1":{"start":{"line":2,"column":0},"end":{"line":14,"column":2}}},"fnMap":{},"branchMap":{"0":{"loc":{"start":{"line":1,"column":20},"end":{"line":1,"column":55}},"type":"binary-expr","locations":[{"start":{"line":1,"column":20},"end":{"line":1,"column":40}},{"start":{"line":1,"column":44},"end":{"line":1,"column":55}}],"line":1},"1":{"loc":{"start":{"line":4,"column":8},"end":{"line":4,"column":32}},"type":"binary-expr","locations":[{"start":{"line":4,"column":8},"end":{"line":4,"column":24}},{"start":{"line":4,"column":28},"end":{"line":4,"column":32}}],"line":4},"2":{"loc":{"start":{"line":6,"column":10},"end":{"line":6,"column":44}},"type":"binary-expr","locations":[{"start":{"line":6,"column":10},"end":{"line":6,"column":29}},{"start":{"line":6,"column":33},"end":{"line":6,"column":44}}],"line":6},"3":{"loc":{"start":{"line":7,"column":10},"end":{"line":7,"column":37}},"type":"binary-expr","locations":[{"start":{"line":7,"column":10},"end":{"line":7,"column":29}},{"start":{"line":7,"column":33},"end":{"line":7,"column":37}}],"line":7},"4":{"loc":{"start":{"line":9,"column":19},"end":{"line":9,"column":53}},"type":"binary-expr","locations":[{"start":{"line":9,"column":19},"end":{"line":9,"column":42}},{"start":{"line":9,"column":46},"end":{"line":9,"column":53}}],"line":9},"5":{"loc":{"start":{"line":10,"column":22},"end":{"line":10,"column":62}},"type":"binary-expr","locations":[{"start":{"line":10,"column":22},"end":{"line":10,"column":48}},{"start":{"line":10,"column":52},"end":{"line":10,"column":62}}],"line":10},"6":{"loc":{"start":{"line":11,"column":19},"end":{"line":11,"column":53}},"type":"binary-expr","locations":[{"start":{"line":11,"column":19},"end":{"line":11,"column":42}},{"start":{"line":11,"column":46},"end":{"line":11,"column":53}}],"line":11}},"s":{"0":1,"1":1},"f":{},"b":{"0":[1,0],"1":[1,1],"2":[1,1],"3":[1,1],"4":[1,1],"5":[1,1],"6":[1,1]},"_coverageSchema":"43e27e138ebf9cfc5966b082cf9a028302ed4184","hash":"41a18bdde29eb6e7c89d4051245dc5c2cbad1b48"}
,"C:\\Users\\z0043zwf\\Desktop\\LeoProject\\config\\index.js": {"path":"C:\\Users\\z0043zwf\\Desktop\\LeoProject\\config\\index.js","statementMap":{"0":{"start":{"line":1,"column":17},"end":{"line":1,"column":40}},"1":{"start":{"line":2,"column":20},"end":{"line":2,"column":53}},"2":{"start":{"line":3,"column":15},"end":{"line":3,"column":50}},"3":{"start":{"line":5,"column":0},"end":{"line":5,"column":51}}},"fnMap":{},"branchMap":{"0":{"loc":{"start":{"line":2,"column":20},"end":{"line":2,"column":53}},"type":"binary-expr","locations":[{"start":{"line":2,"column":20},"end":{"line":2,"column":40}},{"start":{"line":2,"column":44},"end":{"line":2,"column":53}}],"line":2}},"s":{"0":1,"1":1,"2":1,"3":1},"f":{},"b":{"0":[1,0]},"_coverageSchema":"43e27e138ebf9cfc5966b082cf9a028302ed4184","hash":"35b3656211a7477990011368c28fb2eefade16cf"}
,"C:\\Users\\z0043zwf\\Desktop\\LeoProject\\config\\test.js": {"path":"C:\\Users\\z0043zwf\\Desktop\\LeoProject\\config\\test.js","statementMap":{"0":{"start":{"line":1,"column":0},"end":{"line":1,"column":19}}},"fnMap":{},"branchMap":{},"s":{"0":1},"f":{},"b":{},"_coverageSchema":"43e27e138ebf9cfc5966b082cf9a028302ed4184","hash":"ada298ec0a56b91bb7010d5854461067ee4483fb"}
,"C:\\Users\\z0043zwf\\Desktop\\LeoProject\\controller\\auth.js": {"path":"C:\\Users\\z0043zwf\\Desktop\\LeoProject\\controller\\auth.js","statementMap":{"0":{"start":{"line":1,"column":16},"end":{"line":1,"column":34}},"1":{"start":{"line":2,"column":15},"end":{"line":2,"column":52}},"2":{"start":{"line":5,"column":0},"end":{"line":15,"column":3}},"3":{"start":{"line":6,"column":13},"end":{"line":13,"column":3}},"4":{"start":{"line":14,"column":2},"end":{"line":14,"column":15}},"5":{"start":{"line":17,"column":0},"end":{"line":17,"column":24}}},"fnMap":{"0":{"name":"(anonymous_0)","decl":{"start":{"line":5,"column":16},"end":{"line":5,"column":17}},"loc":{"start":{"line":5,"column":42},"end":{"line":15,"column":1}},"line":5}},"branchMap":{},"s":{"0":1,"1":1,"2":1,"3":1,"4":1,"5":1},"f":{"0":1},"b":{},"_coverageSchema":"43e27e138ebf9cfc5966b082cf9a028302ed4184","hash":"39f97d9a1bc63153eaf85fa97cf4a55d7ab7c504"}
,"C:\\Users\\z0043zwf\\Desktop\\LeoProject\\error\\error.js": {"path":"C:\\Users\\z0043zwf\\Desktop\\LeoProject\\error\\error.js","statementMap":{"0":{"start":{"line":1,"column":0},"end":{"line":15,"column":4}},"1":{"start":{"line":7,"column":6},"end":{"line":7,"column":21}},"2":{"start":{"line":8,"column":6},"end":{"line":8,"column":35}},"3":{"start":{"line":9,"column":6},"end":{"line":9,"column":29}},"4":{"start":{"line":13,"column":6},"end":{"line":13,"column":74}}},"fnMap":{"0":{"name":"(anonymous_0)","decl":{"start":{"line":2,"column":4},"end":{"line":2,"column":5}},"loc":{"start":{"line":6,"column":6},"end":{"line":10,"column":5}},"line":6},"1":{"name":"(anonymous_1)","decl":{"start":{"line":12,"column":4},"end":{"line":12,"column":5}},"loc":{"start":{"line":12,"column":13},"end":{"line":14,"column":5}},"line":12}},"branchMap":{"0":{"loc":{"start":{"line":4,"column":6},"end":{"line":4,"column":22}},"type":"default-arg","locations":[{"start":{"line":4,"column":19},"end":{"line":4,"column":22}}],"line":4},"1":{"loc":{"start":{"line":5,"column":6},"end":{"line":5,"column":47}},"type":"default-arg","locations":[{"start":{"line":5,"column":16},"end":{"line":5,"column":47}}],"line":5},"2":{"loc":{"start":{"line":13,"column":13},"end":{"line":13,"column":73}},"type":"cond-expr","locations":[{"start":{"line":13,"column":38},"end":{"line":13,"column":63}},{"start":{"line":13,"column":66},"end":{"line":13,"column":73}}],"line":13}},"s":{"0":2,"1":1,"2":1,"3":1,"4":0},"f":{"0":1,"1":0},"b":{"0":[0],"1":[1],"2":[0,0]},"_coverageSchema":"43e27e138ebf9cfc5966b082cf9a028302ed4184","hash":"c2f30e659fd555d372931052068b70ac9037d1a4"}
,"C:\\Users\\z0043zwf\\Desktop\\LeoProject\\services\\auth.js": {"path":"C:\\Users\\z0043zwf\\Desktop\\LeoProject\\services\\auth.js","statementMap":{"0":{"start":{"line":1,"column":11},"end":{"line":1,"column":43}},"1":{"start":{"line":2,"column":18},"end":{"line":2,"column":38}},"2":{"start":{"line":3,"column":18},"end":{"line":3,"column":47}},"3":{"start":{"line":6,"column":20},"end":{"line":6,"column":52}},"4":{"start":{"line":7,"column":18},"end":{"line":7,"column":20}},"5":{"start":{"line":8,"column":4},"end":{"line":10,"column":6}},"6":{"start":{"line":9,"column":8},"end":{"line":9,"column":60}},"7":{"start":{"line":11,"column":4},"end":{"line":11,"column":16}},"8":{"start":{"line":15,"column":20},"end":{"line":15,"column":33}},"9":{"start":{"line":16,"column":4},"end":{"line":24,"column":5}},"10":{"start":{"line":17,"column":8},"end":{"line":17,"column":30}},"11":{"start":{"line":19,"column":9},"end":{"line":24,"column":5}},"12":{"start":{"line":20,"column":8},"end":{"line":20,"column":30}},"13":{"start":{"line":23,"column":8},"end":{"line":23,"column":29}},"14":{"start":{"line":28,"column":25},"end":{"line":34,"column":5}},"15":{"start":{"line":35,"column":4},"end":{"line":35,"column":23}},"16":{"start":{"line":38,"column":0},"end":{"line":42,"column":1}}},"fnMap":{"0":{"name":"users","decl":{"start":{"line":5,"column":15},"end":{"line":5,"column":20}},"loc":{"start":{"line":5,"column":23},"end":{"line":12,"column":1}},"line":5},"1":{"name":"(anonymous_1)","decl":{"start":{"line":8,"column":26},"end":{"line":8,"column":27}},"loc":{"start":{"line":8,"column":34},"end":{"line":10,"column":5}},"line":8},"2":{"name":"asyncAuthorizer","decl":{"start":{"line":14,"column":15},"end":{"line":14,"column":30}},"loc":{"start":{"line":14,"column":55},"end":{"line":25,"column":1}},"line":14},"3":{"name":"getUnauthorizedResponse","decl":{"start":{"line":27,"column":9},"end":{"line":27,"column":32}},"loc":{"start":{"line":27,"column":41},"end":{"line":36,"column":1}},"line":27}},"branchMap":{"0":{"loc":{"start":{"line":16,"column":4},"end":{"line":24,"column":5}},"type":"if","locations":[{"start":{"line":16,"column":4},"end":{"line":24,"column":5}},{"start":{"line":16,"column":4},"end":{"line":24,"column":5}}],"line":16},"1":{"loc":{"start":{"line":19,"column":9},"end":{"line":24,"column":5}},"type":"if","locations":[{"start":{"line":19,"column":9},"end":{"line":24,"column":5}},{"start":{"line":19,"column":9},"end":{"line":24,"column":5}}],"line":19},"2":{"loc":{"start":{"line":29,"column":17},"end":{"line":31,"column":39}},"type":"cond-expr","locations":[{"start":{"line":30,"column":15},"end":{"line":30,"column":85}},{"start":{"line":31,"column":14},"end":{"line":31,"column":39}}],"line":29}},"s":{"0":1,"1":1,"2":1,"3":1,"4":1,"5":1,"6":22,"7":1,"8":1,"9":1,"10":0,"11":1,"12":0,"13":1,"14":1,"15":1,"16":1},"f":{"0":1,"1":22,"2":1,"3":1},"b":{"0":[0,1],"1":[0,1],"2":[0,1]},"_coverageSchema":"43e27e138ebf9cfc5966b082cf9a028302ed4184","hash":"8d919fd966233c84e6cdee0f418346ac432cf245"}
,"C:\\Users\\z0043zwf\\Desktop\\LeoProject\\services\\elasticsearch\\client.js": {"path":"C:\\Users\\z0043zwf\\Desktop\\LeoProject\\services\\elasticsearch\\client.js","statementMap":{"0":{"start":{"line":1,"column":11},"end":{"line":1,"column":35}},"1":{"start":{"line":2,"column":18},"end":{"line":2,"column":41}},"2":{"start":{"line":4,"column":17},"end":{"line":7,"column":2}},"3":{"start":{"line":9,"column":0},"end":{"line":9,"column":28}}},"fnMap":{},"branchMap":{},"s":{"0":1,"1":1,"2":1,"3":1},"f":{},"b":{},"_coverageSchema":"43e27e138ebf9cfc5966b082cf9a028302ed4184","hash":"83f577ec8e85726a0ebd7a3b2e8b0e2aa317eca9"}
,"C:\\Users\\z0043zwf\\Desktop\\LeoProject\\services\\elasticsearch\\count.js": {"path":"C:\\Users\\z0043zwf\\Desktop\\LeoProject\\services\\elasticsearch\\count.js","statementMap":{"0":{"start":{"line":1,"column":17},"end":{"line":1,"column":36}},"1":{"start":{"line":2,"column":29},"end":{"line":2,"column":57}},"2":{"start":{"line":3,"column":48},"end":{"line":3,"column":73}},"3":{"start":{"line":4,"column":18},"end":{"line":4,"column":41}},"4":{"start":{"line":10,"column":17},"end":{"line":15,"column":1}},"5":{"start":{"line":11,"column":2},"end":{"line":14,"column":5}},"6":{"start":{"line":20,"column":15},"end":{"line":20,"column":33}},"7":{"start":{"line":21,"column":2},"end":{"line":21,"column":37}},"8":{"start":{"line":25,"column":15},"end":{"line":25,"column":17}},"9":{"start":{"line":30,"column":15},"end":{"line":30,"column":39}},"10":{"start":{"line":31,"column":2},"end":{"line":31,"column":71}},"11":{"start":{"line":35,"column":15},"end":{"line":35,"column":52}},"12":{"start":{"line":36,"column":2},"end":{"line":36,"column":19}},"13":{"start":{"line":37,"column":2},"end":{"line":37,"column":71}},"14":{"start":{"line":40,"column":0},"end":{"line":45,"column":2}}},"fnMap":{"0":{"name":"(anonymous_0)","decl":{"start":{"line":10,"column":17},"end":{"line":10,"column":18}},"loc":{"start":{"line":10,"column":53},"end":{"line":15,"column":1}},"line":10},"1":{"name":"countTheTotalNumberOfMeetings","decl":{"start":{"line":19,"column":15},"end":{"line":19,"column":44}},"loc":{"start":{"line":19,"column":47},"end":{"line":22,"column":1}},"line":19},"2":{"name":"countMeetingForUser","decl":{"start":{"line":24,"column":15},"end":{"line":24,"column":34}},"loc":{"start":{"line":24,"column":45},"end":{"line":27,"column":1}},"line":24},"3":{"name":"countTaskForUser","decl":{"start":{"line":29,"column":15},"end":{"line":29,"column":31}},"loc":{"start":{"line":29,"column":43},"end":{"line":32,"column":1}},"line":29},"4":{"name":"countTaskForState","decl":{"start":{"line":34,"column":15},"end":{"line":34,"column":32}},"loc":{"start":{"line":34,"column":51},"end":{"line":38,"column":1}},"line":34}},"branchMap":{},"s":{"0":1,"1":1,"2":1,"3":1,"4":1,"5":0,"6":0,"7":0,"8":0,"9":0,"10":0,"11":0,"12":0,"13":0,"14":1},"f":{"0":0,"1":0,"2":0,"3":0,"4":0},"b":{},"_coverageSchema":"43e27e138ebf9cfc5966b082cf9a028302ed4184","hash":"933510f105b148d697f1e05bc63e9aefe207abd4"}
,"C:\\Users\\z0043zwf\\Desktop\\LeoProject\\services\\elasticsearch\\createIndex.js": {"path":"C:\\Users\\z0043zwf\\Desktop\\LeoProject\\services\\elasticsearch\\createIndex.js","statementMap":{"0":{"start":{"line":1,"column":17},"end":{"line":1,"column":36}},"1":{"start":{"line":3,"column":20},"end":{"line":7,"column":1}},"2":{"start":{"line":4,"column":4},"end":{"line":6,"column":7}},"3":{"start":{"line":9,"column":0},"end":{"line":9,"column":29}}},"fnMap":{"0":{"name":"(anonymous_0)","decl":{"start":{"line":3,"column":20},"end":{"line":3,"column":21}},"loc":{"start":{"line":3,"column":47},"end":{"line":7,"column":1}},"line":3}},"branchMap":{},"s":{"0":1,"1":1,"2":0,"3":1},"f":{"0":0},"b":{},"_coverageSchema":"43e27e138ebf9cfc5966b082cf9a028302ed4184","hash":"945c54f10d644bd8e0506fa28a87dea45ba2d4f7"}
,"C:\\Users\\z0043zwf\\Desktop\\LeoProject\\services\\elasticsearch\\deleteIndex.js": {"path":"C:\\Users\\z0043zwf\\Desktop\\LeoProject\\services\\elasticsearch\\deleteIndex.js","statementMap":{"0":{"start":{"line":1,"column":17},"end":{"line":1,"column":36}},"1":{"start":{"line":2,"column":18},"end":{"line":2,"column":41}},"2":{"start":{"line":4,"column":20},"end":{"line":8,"column":1}},"3":{"start":{"line":5,"column":4},"end":{"line":7,"column":7}},"4":{"start":{"line":10,"column":17},"end":{"line":15,"column":1}},"5":{"start":{"line":11,"column":4},"end":{"line":14,"column":7}},"6":{"start":{"line":17,"column":23},"end":{"line":19,"column":1}},"7":{"start":{"line":18,"column":4},"end":{"line":18,"column":71}},"8":{"start":{"line":21,"column":26},"end":{"line":23,"column":1}},"9":{"start":{"line":22,"column":4},"end":{"line":22,"column":75}},"10":{"start":{"line":24,"column":0},"end":{"line":27,"column":2}}},"fnMap":{"0":{"name":"(anonymous_0)","decl":{"start":{"line":4,"column":20},"end":{"line":4,"column":21}},"loc":{"start":{"line":4,"column":47},"end":{"line":8,"column":1}},"line":4},"1":{"name":"(anonymous_1)","decl":{"start":{"line":10,"column":17},"end":{"line":10,"column":18}},"loc":{"start":{"line":10,"column":48},"end":{"line":15,"column":1}},"line":10},"2":{"name":"(anonymous_2)","decl":{"start":{"line":17,"column":23},"end":{"line":17,"column":24}},"loc":{"start":{"line":17,"column":41},"end":{"line":19,"column":1}},"line":17},"3":{"name":"(anonymous_3)","decl":{"start":{"line":21,"column":26},"end":{"line":21,"column":27}},"loc":{"start":{"line":21,"column":46},"end":{"line":23,"column":1}},"line":21}},"branchMap":{},"s":{"0":1,"1":1,"2":1,"3":0,"4":1,"5":0,"6":1,"7":0,"8":1,"9":0,"10":1},"f":{"0":0,"1":0,"2":0,"3":0},"b":{},"_coverageSchema":"43e27e138ebf9cfc5966b082cf9a028302ed4184","hash":"4c84338e9a0fb87dfd0659b85cb11f162f56b8d8"}
,"C:\\Users\\z0043zwf\\Desktop\\LeoProject\\services\\elasticsearch\\index.js": {"path":"C:\\Users\\z0043zwf\\Desktop\\LeoProject\\services\\elasticsearch\\index.js","statementMap":{"0":{"start":{"line":1,"column":17},"end":{"line":1,"column":36}},"1":{"start":{"line":2,"column":20},"end":{"line":2,"column":44}},"2":{"start":{"line":3,"column":20},"end":{"line":3,"column":44}},"3":{"start":{"line":4,"column":19},"end":{"line":4,"column":42}},"4":{"start":{"line":5,"column":15},"end":{"line":5,"column":34}},"5":{"start":{"line":6,"column":16},"end":{"line":6,"column":35}},"6":{"start":{"line":7,"column":14},"end":{"line":7,"column":32}},"7":{"start":{"line":8,"column":18},"end":{"line":8,"column":41}},"8":{"start":{"line":9,"column":19},"end":{"line":9,"column":60}},"9":{"start":{"line":12,"column":22},"end":{"line":18,"column":4}},"10":{"start":{"line":13,"column":18},"end":{"line":13,"column":55}},"11":{"start":{"line":14,"column":4},"end":{"line":17,"column":5}},"12":{"start":{"line":19,"column":22},"end":{"line":19,"column":52}},"13":{"start":{"line":20,"column":15},"end":{"line":25,"column":4}},"14":{"start":{"line":21,"column":4},"end":{"line":24,"column":5}},"15":{"start":{"line":22,"column":27},"end":{"line":22,"column":51}},"16":{"start":{"line":23,"column":6},"end":{"line":23,"column":80}},"17":{"start":{"line":26,"column":2},"end":{"line":26,"column":13}},"18":{"start":{"line":29,"column":0},"end":{"line":36,"column":2}}},"fnMap":{"0":{"name":"checkIfIndexExistsOrCreateIt","decl":{"start":{"line":11,"column":15},"end":{"line":11,"column":43}},"loc":{"start":{"line":11,"column":57},"end":{"line":27,"column":1}},"line":11},"1":{"name":"(anonymous_1)","decl":{"start":{"line":12,"column":38},"end":{"line":12,"column":39}},"loc":{"start":{"line":12,"column":58},"end":{"line":18,"column":3}},"line":12},"2":{"name":"(anonymous_2)","decl":{"start":{"line":20,"column":31},"end":{"line":20,"column":32}},"loc":{"start":{"line":20,"column":59},"end":{"line":25,"column":3}},"line":20}},"branchMap":{"0":{"loc":{"start":{"line":21,"column":4},"end":{"line":24,"column":5}},"type":"if","locations":[{"start":{"line":21,"column":4},"end":{"line":24,"column":5}},{"start":{"line":21,"column":4},"end":{"line":24,"column":5}}],"line":21}},"s":{"0":1,"1":1,"2":1,"3":1,"4":1,"5":1,"6":1,"7":1,"8":1,"9":0,"10":0,"11":0,"12":0,"13":0,"14":0,"15":0,"16":0,"17":0,"18":1},"f":{"0":0,"1":0,"2":0},"b":{"0":[0,0]},"_coverageSchema":"43e27e138ebf9cfc5966b082cf9a028302ed4184","hash":"62ae1f026faf21e73c724f9e7f1ec51da10e60a1"}
,"C:\\Users\\z0043zwf\\Desktop\\LeoProject\\services\\elasticsearch\\insertData.js": {"path":"C:\\Users\\z0043zwf\\Desktop\\LeoProject\\services\\elasticsearch\\insertData.js","statementMap":{"0":{"start":{"line":1,"column":17},"end":{"line":1,"column":36}},"1":{"start":{"line":2,"column":18},"end":{"line":2,"column":41}},"2":{"start":{"line":4,"column":18},"end":{"line":10,"column":1}},"3":{"start":{"line":5,"column":2},"end":{"line":9,"column":5}},"4":{"start":{"line":12,"column":22},"end":{"line":14,"column":1}},"5":{"start":{"line":13,"column":2},"end":{"line":13,"column":77}},"6":{"start":{"line":17,"column":2},"end":{"line":17,"column":71}},"7":{"start":{"line":20,"column":19},"end":{"line":22,"column":1}},"8":{"start":{"line":21,"column":2},"end":{"line":21,"column":71}},"9":{"start":{"line":26,"column":0},"end":{"line":30,"column":2}}},"fnMap":{"0":{"name":"(anonymous_0)","decl":{"start":{"line":4,"column":18},"end":{"line":4,"column":19}},"loc":{"start":{"line":4,"column":51},"end":{"line":10,"column":1}},"line":4},"1":{"name":"(anonymous_1)","decl":{"start":{"line":12,"column":22},"end":{"line":12,"column":23}},"loc":{"start":{"line":12,"column":46},"end":{"line":14,"column":1}},"line":12},"2":{"name":"insertTask","decl":{"start":{"line":16,"column":15},"end":{"line":16,"column":25}},"loc":{"start":{"line":16,"column":32},"end":{"line":18,"column":1}},"line":16},"3":{"name":"(anonymous_3)","decl":{"start":{"line":20,"column":19},"end":{"line":20,"column":20}},"loc":{"start":{"line":20,"column":41},"end":{"line":22,"column":1}},"line":20}},"branchMap":{},"s":{"0":1,"1":1,"2":1,"3":0,"4":1,"5":0,"6":0,"7":1,"8":0,"9":1},"f":{"0":0,"1":0,"2":0,"3":0},"b":{},"_coverageSchema":"43e27e138ebf9cfc5966b082cf9a028302ed4184","hash":"de007c15b5a9744cc887b3ce27a19a3ce4f49001"}
,"C:\\Users\\z0043zwf\\Desktop\\LeoProject\\services\\elasticsearch\\search.js": {"path":"C:\\Users\\z0043zwf\\Desktop\\LeoProject\\services\\elasticsearch\\search.js","statementMap":{"0":{"start":{"line":1,"column":19},"end":{"line":1,"column":48}},"1":{"start":{"line":2,"column":17},"end":{"line":2,"column":36}},"2":{"start":{"line":3,"column":49},"end":{"line":3,"column":77}},"3":{"start":{"line":4,"column":57},"end":{"line":4,"column":82}},"4":{"start":{"line":5,"column":18},"end":{"line":5,"column":41}},"5":{"start":{"line":6,"column":22},"end":{"line":6,"column":55}},"6":{"start":{"line":7,"column":24},"end":{"line":7,"column":50}},"7":{"start":{"line":9,"column":18},"end":{"line":16,"column":1}},"8":{"start":{"line":10,"column":4},"end":{"line":15,"column":7}},"9":{"start":{"line":19,"column":17},"end":{"line":19,"column":44}},"10":{"start":{"line":20,"column":4},"end":{"line":20,"column":84}},"11":{"start":{"line":24,"column":17},"end":{"line":24,"column":41}},"12":{"start":{"line":25,"column":4},"end":{"line":25,"column":81}},"13":{"start":{"line":29,"column":17},"end":{"line":29,"column":32}},"14":{"start":{"line":30,"column":4},"end":{"line":30,"column":81}},"15":{"start":{"line":34,"column":17},"end":{"line":34,"column":31}},"16":{"start":{"line":35,"column":4},"end":{"line":35,"column":81}},"17":{"start":{"line":39,"column":17},"end":{"line":39,"column":38}},"18":{"start":{"line":40,"column":4},"end":{"line":40,"column":81}},"19":{"start":{"line":45,"column":17},"end":{"line":45,"column":30}},"20":{"start":{"line":46,"column":4},"end":{"line":46,"column":80}},"21":{"start":{"line":50,"column":19},"end":{"line":50,"column":60}},"22":{"start":{"line":51,"column":16},"end":{"line":51,"column":53}},"23":{"start":{"line":52,"column":17},"end":{"line":52,"column":57}},"24":{"start":{"line":53,"column":4},"end":{"line":53,"column":37}},"25":{"start":{"line":54,"column":4},"end":{"line":54,"column":82}},"26":{"start":{"line":57,"column":0},"end":{"line":65,"column":1}}},"fnMap":{"0":{"name":"(anonymous_0)","decl":{"start":{"line":9,"column":18},"end":{"line":9,"column":19}},"loc":{"start":{"line":9,"column":66},"end":{"line":16,"column":1}},"line":9},"1":{"name":"getUserMeetings","decl":{"start":{"line":18,"column":15},"end":{"line":18,"column":30}},"loc":{"start":{"line":18,"column":41},"end":{"line":21,"column":1}},"line":18},"2":{"name":"getUserTasks","decl":{"start":{"line":23,"column":15},"end":{"line":23,"column":27}},"loc":{"start":{"line":23,"column":38},"end":{"line":26,"column":1}},"line":23},"3":{"name":"getAllTasks","decl":{"start":{"line":28,"column":15},"end":{"line":28,"column":26}},"loc":{"start":{"line":28,"column":28},"end":{"line":31,"column":1}},"line":28},"4":{"name":"getIdTasks","decl":{"start":{"line":33,"column":15},"end":{"line":33,"column":25}},"loc":{"start":{"line":33,"column":30},"end":{"line":36,"column":1}},"line":33},"5":{"name":"getTaskState","decl":{"start":{"line":38,"column":15},"end":{"line":38,"column":27}},"loc":{"start":{"line":38,"column":35},"end":{"line":42,"column":1}},"line":38},"6":{"name":"getSystemUsers","decl":{"start":{"line":44,"column":15},"end":{"line":44,"column":29}},"loc":{"start":{"line":44,"column":31},"end":{"line":47,"column":1}},"line":44},"7":{"name":"getMeetingsByTimeFrame","decl":{"start":{"line":49,"column":15},"end":{"line":49,"column":37}},"loc":{"start":{"line":49,"column":67},"end":{"line":55,"column":1}},"line":49}},"branchMap":{"0":{"loc":{"start":{"line":50,"column":19},"end":{"line":50,"column":60}},"type":"cond-expr","locations":[{"start":{"line":50,"column":39},"end":{"line":50,"column":48}},{"start":{"line":50,"column":51},"end":{"line":50,"column":60}}],"line":50},"1":{"loc":{"start":{"line":51,"column":16},"end":{"line":51,"column":53}},"type":"cond-expr","locations":[{"start":{"line":51,"column":34},"end":{"line":51,"column":41}},{"start":{"line":51,"column":44},"end":{"line":51,"column":53}}],"line":51}},"s":{"0":1,"1":1,"2":1,"3":1,"4":1,"5":1,"6":1,"7":1,"8":1,"9":0,"10":0,"11":0,"12":0,"13":0,"14":0,"15":0,"16":0,"17":0,"18":0,"19":1,"20":1,"21":0,"22":0,"23":0,"24":0,"25":0,"26":1},"f":{"0":1,"1":0,"2":0,"3":0,"4":0,"5":0,"6":1,"7":0},"b":{"0":[0,0],"1":[0,0]},"_coverageSchema":"43e27e138ebf9cfc5966b082cf9a028302ed4184","hash":"15dee09b9860df866049390857dd80d7d400a621"}
,"C:\\Users\\z0043zwf\\Desktop\\LeoProject\\services\\elasticsearch\\update.js": {"path":"C:\\Users\\z0043zwf\\Desktop\\LeoProject\\services\\elasticsearch\\update.js","statementMap":{"0":{"start":{"line":1,"column":17},"end":{"line":1,"column":36}},"1":{"start":{"line":2,"column":18},"end":{"line":2,"column":41}},"2":{"start":{"line":4,"column":24},"end":{"line":16,"column":1}},"3":{"start":{"line":5,"column":22},"end":{"line":13,"column":3}},"4":{"start":{"line":15,"column":2},"end":{"line":15,"column":44}},"5":{"start":{"line":18,"column":27},"end":{"line":30,"column":1}},"6":{"start":{"line":19,"column":22},"end":{"line":27,"column":3}},"7":{"start":{"line":29,"column":2},"end":{"line":29,"column":44}},"8":{"start":{"line":33,"column":0},"end":{"line":36,"column":1}}},"fnMap":{"0":{"name":"(anonymous_0)","decl":{"start":{"line":4,"column":24},"end":{"line":4,"column":25}},"loc":{"start":{"line":4,"column":53},"end":{"line":16,"column":1}},"line":4},"1":{"name":"(anonymous_1)","decl":{"start":{"line":18,"column":27},"end":{"line":18,"column":28}},"loc":{"start":{"line":18,"column":56},"end":{"line":30,"column":1}},"line":18}},"branchMap":{},"s":{"0":1,"1":1,"2":1,"3":0,"4":0,"5":1,"6":0,"7":0,"8":1},"f":{"0":0,"1":0},"b":{},"_coverageSchema":"43e27e138ebf9cfc5966b082cf9a028302ed4184","hash":"83aaf99058fb14fcf61c3571f1a13a919a1e63f7"}
,"C:\\Users\\z0043zwf\\Desktop\\LeoProject\\services\\logging\\logging.js": {"path":"C:\\Users\\z0043zwf\\Desktop\\LeoProject\\services\\logging\\logging.js","statementMap":{"0":{"start":{"line":1,"column":23},"end":{"line":1,"column":49}},"1":{"start":{"line":2,"column":16},"end":{"line":2,"column":34}},"2":{"start":{"line":4,"column":22},"end":{"line":7,"column":2}},"3":{"start":{"line":9,"column":21},"end":{"line":13,"column":2}},"4":{"start":{"line":17,"column":24},"end":{"line":36,"column":4}},"5":{"start":{"line":22,"column":29},"end":{"line":22,"column":38}},"6":{"start":{"line":23,"column":37},"end":{"line":23,"column":41}},"7":{"start":{"line":24,"column":27},"end":{"line":29,"column":9}},"8":{"start":{"line":30,"column":28},"end":{"line":30,"column":99}},"9":{"start":{"line":31,"column":8},"end":{"line":31,"column":32}},"10":{"start":{"line":32,"column":8},"end":{"line":32,"column":27}},"11":{"start":{"line":37,"column":2},"end":{"line":37,"column":22}},"12":{"start":{"line":40,"column":15},"end":{"line":53,"column":2}},"13":{"start":{"line":55,"column":17},"end":{"line":66,"column":2}},"14":{"start":{"line":68,"column":2},"end":{"line":72,"column":3}}},"fnMap":{"0":{"name":"createRequestLogger","decl":{"start":{"line":16,"column":9},"end":{"line":16,"column":28}},"loc":{"start":{"line":16,"column":41},"end":{"line":38,"column":1}},"line":16},"1":{"name":"(anonymous_1)","decl":{"start":{"line":21,"column":28},"end":{"line":21,"column":29}},"loc":{"start":{"line":21,"column":36},"end":{"line":33,"column":7}},"line":21}},"branchMap":{},"s":{"0":1,"1":1,"2":1,"3":1,"4":1,"5":0,"6":0,"7":0,"8":0,"9":0,"10":0,"11":1,"12":1,"13":1,"14":1},"f":{"0":1,"1":0},"b":{},"_coverageSchema":"43e27e138ebf9cfc5966b082cf9a028302ed4184","hash":"b70487eba0fe630ef0fb06c9c51d0636289332ec"}
,"C:\\Users\\z0043zwf\\Desktop\\LeoProject\\services\\query\\meetings.js": {"path":"C:\\Users\\z0043zwf\\Desktop\\LeoProject\\services\\query\\meetings.js","statementMap":{"0":{"start":{"line":2,"column":4},"end":{"line":6,"column":5}},"1":{"start":{"line":9,"column":25},"end":{"line":15,"column":1}},"2":{"start":{"line":10,"column":4},"end":{"line":14,"column":5}},"3":{"start":{"line":17,"column":26},"end":{"line":25,"column":1}},"4":{"start":{"line":18,"column":4},"end":{"line":24,"column":5}},"5":{"start":{"line":27,"column":27},"end":{"line":52,"column":1}},"6":{"start":{"line":28,"column":4},"end":{"line":28,"column":32}},"7":{"start":{"line":29,"column":4},"end":{"line":51,"column":5}},"8":{"start":{"line":54,"column":0},"end":{"line":59,"column":1}}},"fnMap":{"0":{"name":"matchMeetingByName","decl":{"start":{"line":1,"column":9},"end":{"line":1,"column":27}},"loc":{"start":{"line":1,"column":34},"end":{"line":7,"column":1}},"line":1},"1":{"name":"(anonymous_1)","decl":{"start":{"line":9,"column":25},"end":{"line":9,"column":26}},"loc":{"start":{"line":9,"column":31},"end":{"line":15,"column":1}},"line":9},"2":{"name":"(anonymous_2)","decl":{"start":{"line":17,"column":26},"end":{"line":17,"column":27}},"loc":{"start":{"line":17,"column":40},"end":{"line":25,"column":1}},"line":17},"3":{"name":"(anonymous_3)","decl":{"start":{"line":27,"column":27},"end":{"line":27,"column":28}},"loc":{"start":{"line":27,"column":61},"end":{"line":52,"column":1}},"line":27}},"branchMap":{},"s":{"0":0,"1":1,"2":0,"3":1,"4":0,"5":1,"6":0,"7":0,"8":1},"f":{"0":0,"1":0,"2":0,"3":0},"b":{},"_coverageSchema":"43e27e138ebf9cfc5966b082cf9a028302ed4184","hash":"3ed22b4dd577c30fcaa1d54beb8c5b4020fe7913"}
,"C:\\Users\\z0043zwf\\Desktop\\LeoProject\\services\\query\\tasks.js": {"path":"C:\\Users\\z0043zwf\\Desktop\\LeoProject\\services\\query\\tasks.js","statementMap":{"0":{"start":{"line":2,"column":4},"end":{"line":6,"column":5}},"1":{"start":{"line":10,"column":4},"end":{"line":14,"column":5}},"2":{"start":{"line":17,"column":22},"end":{"line":23,"column":1}},"3":{"start":{"line":18,"column":4},"end":{"line":22,"column":5}},"4":{"start":{"line":25,"column":23},"end":{"line":33,"column":1}},"5":{"start":{"line":26,"column":4},"end":{"line":32,"column":5}},"6":{"start":{"line":35,"column":21},"end":{"line":43,"column":1}},"7":{"start":{"line":36,"column":4},"end":{"line":42,"column":5}},"8":{"start":{"line":45,"column":19},"end":{"line":53,"column":1}},"9":{"start":{"line":46,"column":4},"end":{"line":52,"column":5}},"10":{"start":{"line":55,"column":29},"end":{"line":72,"column":1}},"11":{"start":{"line":56,"column":4},"end":{"line":71,"column":5}},"12":{"start":{"line":74,"column":23},"end":{"line":82,"column":1}},"13":{"start":{"line":75,"column":4},"end":{"line":81,"column":5}},"14":{"start":{"line":84,"column":0},"end":{"line":93,"column":1}}},"fnMap":{"0":{"name":"matchTasksByName","decl":{"start":{"line":1,"column":9},"end":{"line":1,"column":25}},"loc":{"start":{"line":1,"column":32},"end":{"line":7,"column":1}},"line":1},"1":{"name":"matchTasksByState","decl":{"start":{"line":9,"column":9},"end":{"line":9,"column":26}},"loc":{"start":{"line":9,"column":34},"end":{"line":15,"column":1}},"line":9},"2":{"name":"(anonymous_2)","decl":{"start":{"line":17,"column":22},"end":{"line":17,"column":23}},"loc":{"start":{"line":17,"column":28},"end":{"line":23,"column":1}},"line":17},"3":{"name":"(anonymous_3)","decl":{"start":{"line":25,"column":23},"end":{"line":25,"column":24}},"loc":{"start":{"line":25,"column":37},"end":{"line":33,"column":1}},"line":25},"4":{"name":"(anonymous_4)","decl":{"start":{"line":35,"column":21},"end":{"line":35,"column":22}},"loc":{"start":{"line":35,"column":29},"end":{"line":43,"column":1}},"line":35},"5":{"name":"(anonymous_5)","decl":{"start":{"line":45,"column":19},"end":{"line":45,"column":20}},"loc":{"start":{"line":45,"column":33},"end":{"line":53,"column":1}},"line":45},"6":{"name":"(anonymous_6)","decl":{"start":{"line":55,"column":29},"end":{"line":55,"column":30}},"loc":{"start":{"line":55,"column":50},"end":{"line":72,"column":1}},"line":55},"7":{"name":"(anonymous_7)","decl":{"start":{"line":74,"column":23},"end":{"line":74,"column":24}},"loc":{"start":{"line":74,"column":34},"end":{"line":82,"column":1}},"line":74}},"branchMap":{},"s":{"0":0,"1":0,"2":1,"3":0,"4":1,"5":0,"6":1,"7":0,"8":1,"9":0,"10":1,"11":0,"12":1,"13":0,"14":1},"f":{"0":0,"1":0,"2":0,"3":0,"4":0,"5":0,"6":0,"7":0},"b":{},"_coverageSchema":"43e27e138ebf9cfc5966b082cf9a028302ed4184","hash":"16e0a1c297814429483327eb5d876bfbc1c99781"}
,"C:\\Users\\z0043zwf\\Desktop\\LeoProject\\services\\query\\users.js": {"path":"C:\\Users\\z0043zwf\\Desktop\\LeoProject\\services\\query\\users.js","statementMap":{"0":{"start":{"line":2,"column":4},"end":{"line":6,"column":5}},"1":{"start":{"line":10,"column":0},"end":{"line":12,"column":1}}},"fnMap":{"0":{"name":"getAllUsers","decl":{"start":{"line":1,"column":9},"end":{"line":1,"column":20}},"loc":{"start":{"line":1,"column":23},"end":{"line":7,"column":1}},"line":1}},"branchMap":{},"s":{"0":1,"1":1},"f":{"0":1},"b":{},"_coverageSchema":"43e27e138ebf9cfc5966b082cf9a028302ed4184","hash":"54777e05276facd1163d847947d69c9389a99db3"}
,"C:\\Users\\z0043zwf\\Desktop\\LeoProject\\utils\\request-utils.js": {"path":"C:\\Users\\z0043zwf\\Desktop\\LeoProject\\utils\\request-utils.js","statementMap":{"0":{"start":{"line":1,"column":17},"end":{"line":1,"column":42}},"1":{"start":{"line":2,"column":19},"end":{"line":2,"column":57}},"2":{"start":{"line":12,"column":15},"end":{"line":20,"column":3}},"3":{"start":{"line":21,"column":2},"end":{"line":31,"column":3}},"4":{"start":{"line":22,"column":4},"end":{"line":22,"column":50}},"5":{"start":{"line":23,"column":9},"end":{"line":31,"column":3}},"6":{"start":{"line":24,"column":4},"end":{"line":24,"column":47}},"7":{"start":{"line":26,"column":4},"end":{"line":26,"column":26}},"8":{"start":{"line":27,"column":25},"end":{"line":29,"column":37}},"9":{"start":{"line":30,"column":4},"end":{"line":30,"column":52}},"10":{"start":{"line":32,"column":2},"end":{"line":41,"column":3}},"11":{"start":{"line":33,"column":23},"end":{"line":38,"column":5}},"12":{"start":{"line":40,"column":4},"end":{"line":40,"column":42}},"13":{"start":{"line":42,"column":2},"end":{"line":42,"column":20}},"14":{"start":{"line":46,"column":2},"end":{"line":46,"column":55}},"15":{"start":{"line":47,"column":2},"end":{"line":59,"column":4}},"16":{"start":{"line":48,"column":4},"end":{"line":48,"column":69}},"17":{"start":{"line":49,"column":4},"end":{"line":52,"column":6}},"18":{"start":{"line":53,"column":4},"end":{"line":53,"column":78}},"19":{"start":{"line":54,"column":4},"end":{"line":58,"column":5}},"20":{"start":{"line":55,"column":6},"end":{"line":55,"column":29}},"21":{"start":{"line":57,"column":6},"end":{"line":57,"column":13}},"22":{"start":{"line":63,"column":2},"end":{"line":68,"column":3}},"23":{"start":{"line":67,"column":4},"end":{"line":67,"column":35}},"24":{"start":{"line":69,"column":2},"end":{"line":69,"column":32}},"25":{"start":{"line":73,"column":2},"end":{"line":73,"column":76}},"26":{"start":{"line":77,"column":2},"end":{"line":77,"column":50}},"27":{"start":{"line":80,"column":0},"end":{"line":85,"column":2}}},"fnMap":{"0":{"name":"resolveError","decl":{"start":{"line":11,"column":9},"end":{"line":11,"column":21}},"loc":{"start":{"line":11,"column":46},"end":{"line":43,"column":1}},"line":11},"1":{"name":"cors","decl":{"start":{"line":45,"column":9},"end":{"line":45,"column":13}},"loc":{"start":{"line":45,"column":28},"end":{"line":60,"column":1}},"line":45},"2":{"name":"(anonymous_2)","decl":{"start":{"line":47,"column":9},"end":{"line":47,"column":10}},"loc":{"start":{"line":47,"column":35},"end":{"line":59,"column":3}},"line":47},"3":{"name":"defaultErrorHandler","decl":{"start":{"line":62,"column":9},"end":{"line":62,"column":28}},"loc":{"start":{"line":62,"column":42},"end":{"line":70,"column":1}},"line":62},"4":{"name":"developmentErrorHandler","decl":{"start":{"line":72,"column":9},"end":{"line":72,"column":32}},"loc":{"start":{"line":72,"column":54},"end":{"line":74,"column":1}},"line":72},"5":{"name":"productionErrorHandler","decl":{"start":{"line":76,"column":9},"end":{"line":76,"column":31}},"loc":{"start":{"line":76,"column":53},"end":{"line":78,"column":1}},"line":76}},"branchMap":{"0":{"loc":{"start":{"line":21,"column":2},"end":{"line":31,"column":3}},"type":"if","locations":[{"start":{"line":21,"column":2},"end":{"line":31,"column":3}},{"start":{"line":21,"column":2},"end":{"line":31,"column":3}}],"line":21},"1":{"loc":{"start":{"line":23,"column":9},"end":{"line":31,"column":3}},"type":"if","locations":[{"start":{"line":23,"column":9},"end":{"line":31,"column":3}},{"start":{"line":23,"column":9},"end":{"line":31,"column":3}}],"line":23},"2":{"loc":{"start":{"line":27,"column":25},"end":{"line":29,"column":37}},"type":"cond-expr","locations":[{"start":{"line":28,"column":8},"end":{"line":28,"column":61}},{"start":{"line":29,"column":8},"end":{"line":29,"column":37}}],"line":27},"3":{"loc":{"start":{"line":32,"column":2},"end":{"line":41,"column":3}},"type":"if","locations":[{"start":{"line":32,"column":2},"end":{"line":41,"column":3}},{"start":{"line":32,"column":2},"end":{"line":41,"column":3}}],"line":32},"4":{"loc":{"start":{"line":45,"column":14},"end":{"line":45,"column":26}},"type":"default-arg","locations":[{"start":{"line":45,"column":24},"end":{"line":45,"column":26}}],"line":45},"5":{"loc":{"start":{"line":46,"column":26},"end":{"line":46,"column":54}},"type":"binary-expr","locations":[{"start":{"line":46,"column":26},"end":{"line":46,"column":47}},{"start":{"line":46,"column":51},"end":{"line":46,"column":54}}],"line":46},"6":{"loc":{"start":{"line":54,"column":4},"end":{"line":58,"column":5}},"type":"if","locations":[{"start":{"line":54,"column":4},"end":{"line":58,"column":5}},{"start":{"line":54,"column":4},"end":{"line":58,"column":5}}],"line":54},"7":{"loc":{"start":{"line":63,"column":2},"end":{"line":68,"column":3}},"type":"if","locations":[{"start":{"line":63,"column":2},"end":{"line":68,"column":3}},{"start":{"line":63,"column":2},"end":{"line":68,"column":3}}],"line":63},"8":{"loc":{"start":{"line":64,"column":4},"end":{"line":65,"column":25}},"type":"binary-expr","locations":[{"start":{"line":64,"column":4},"end":{"line":64,"column":30}},{"start":{"line":65,"column":4},"end":{"line":65,"column":25}}],"line":64}},"s":{"0":1,"1":1,"2":0,"3":0,"4":0,"5":0,"6":0,"7":0,"8":0,"9":0,"10":0,"11":0,"12":0,"13":0,"14":2,"15":2,"16":2,"17":2,"18":2,"19":2,"20":0,"21":2,"22":2,"23":2,"24":0,"25":0,"26":0,"27":1},"f":{"0":0,"1":2,"2":2,"3":2,"4":0,"5":0},"b":{"0":[0,0],"1":[0,0],"2":[0,0],"3":[0,0],"4":[2],"5":[2,2],"6":[0,2],"7":[2,0],"8":[2,2]},"_coverageSchema":"43e27e138ebf9cfc5966b082cf9a028302ed4184","hash":"2b34dd75960d598b341f6cf597063f61ad789bcb"}
,"C:\\Users\\z0043zwf\\Desktop\\LeoProject\\validation\\tasks.js": {"path":"C:\\Users\\z0043zwf\\Desktop\\LeoProject\\validation\\tasks.js","statementMap":{"0":{"start":{"line":7,"column":4},"end":{"line":7,"column":32}},"1":{"start":{"line":8,"column":18},"end":{"line":8,"column":38}},"2":{"start":{"line":11,"column":4},"end":{"line":24,"column":6}},"3":{"start":{"line":26,"column":21},"end":{"line":26,"column":54}},"4":{"start":{"line":29,"column":4},"end":{"line":35,"column":6}},"5":{"start":{"line":39,"column":4},"end":{"line":48,"column":6}},"6":{"start":{"line":55,"column":4},"end":{"line":60,"column":6}},"7":{"start":{"line":64,"column":4},"end":{"line":69,"column":6}},"8":{"start":{"line":73,"column":4},"end":{"line":83,"column":5}},"9":{"start":{"line":87,"column":4},"end":{"line":89,"column":6}},"10":{"start":{"line":92,"column":0},"end":{"line":100,"column":2}}},"fnMap":{"0":{"name":"createTask","decl":{"start":{"line":10,"column":9},"end":{"line":10,"column":19}},"loc":{"start":{"line":10,"column":22},"end":{"line":25,"column":1}},"line":10},"1":{"name":"setTaskState","decl":{"start":{"line":28,"column":9},"end":{"line":28,"column":21}},"loc":{"start":{"line":28,"column":24},"end":{"line":36,"column":1}},"line":28},"2":{"name":"setTaskStateDone","decl":{"start":{"line":38,"column":9},"end":{"line":38,"column":25}},"loc":{"start":{"line":38,"column":27},"end":{"line":49,"column":1}},"line":38},"3":{"name":"deleteIdTask","decl":{"start":{"line":54,"column":9},"end":{"line":54,"column":21}},"loc":{"start":{"line":54,"column":23},"end":{"line":61,"column":1}},"line":54},"4":{"name":"countTask","decl":{"start":{"line":63,"column":9},"end":{"line":63,"column":18}},"loc":{"start":{"line":63,"column":20},"end":{"line":70,"column":1}},"line":63},"5":{"name":"countTasksByState","decl":{"start":{"line":72,"column":9},"end":{"line":72,"column":26}},"loc":{"start":{"line":72,"column":28},"end":{"line":84,"column":1}},"line":72},"6":{"name":"getTaskByState","decl":{"start":{"line":86,"column":9},"end":{"line":86,"column":23}},"loc":{"start":{"line":86,"column":25},"end":{"line":90,"column":1}},"line":86}},"branchMap":{},"s":{"0":1,"1":1,"2":0,"3":1,"4":0,"5":0,"6":0,"7":0,"8":0,"9":0,"10":1},"f":{"0":0,"1":0,"2":0,"3":0,"4":0,"5":0,"6":0},"b":{},"_coverageSchema":"43e27e138ebf9cfc5966b082cf9a028302ed4184","hash":"85727611b3a8f0c0b1d3c94a47b4e90c7d331677"}
}
