{"C:\\Users\\yoyol\\Desktop\\College stuff\\Time Manager\\Time Manager\\__tests__\\helpers\\setup.js": {"path":"C:\\Users\\yoyol\\Desktop\\College stuff\\Time Manager\\Time Manager\\__tests__\\helpers\\setup.js","statementMap":{"0":{"start":{"line":1,"column":17},"end":{"line":1,"column":53}},"1":{"start":{"line":2,"column":20},"end":{"line":2,"column":55}},"2":{"start":{"line":3,"column":16},"end":{"line":3,"column":34}},"3":{"start":{"line":4,"column":19},"end":{"line":4,"column":41}},"4":{"start":{"line":7,"column":16},"end":{"line":7,"column":25}},"5":{"start":{"line":9,"column":4},"end":{"line":11,"column":8}},"6":{"start":{"line":14,"column":4},"end":{"line":14,"column":40}},"7":{"start":{"line":15,"column":4},"end":{"line":15,"column":66}},"8":{"start":{"line":18,"column":4},"end":{"line":18,"column":15}},"9":{"start":{"line":23,"column":0},"end":{"line":25,"column":1}}},"fnMap":{"0":{"name":"getExpressApp","decl":{"start":{"line":6,"column":9},"end":{"line":6,"column":22}},"loc":{"start":{"line":6,"column":25},"end":{"line":19,"column":1}},"line":6}},"branchMap":{"0":{"loc":{"start":{"line":2,"column":20},"end":{"line":2,"column":55}},"type":"binary-expr","locations":[{"start":{"line":2,"column":20},"end":{"line":2,"column":40}},{"start":{"line":2,"column":44},"end":{"line":2,"column":55}}],"line":2}},"s":{"0":3,"1":3,"2":3,"3":3,"4":9,"5":9,"6":9,"7":9,"8":9,"9":3},"f":{"0":9},"b":{"0":[3,0]},"_coverageSchema":"43e27e138ebf9cfc5966b082cf9a028302ed4184","hash":"d9962c3424761dec96756fc264aace8f0219f566"}
,"C:\\Users\\yoyol\\Desktop\\College stuff\\Time Manager\\Time Manager\\config\\default.js": {"path":"C:\\Users\\yoyol\\Desktop\\College stuff\\Time Manager\\Time Manager\\config\\default.js","statementMap":{"0":{"start":{"line":1,"column":20},"end":{"line":1,"column":55}},"1":{"start":{"line":2,"column":0},"end":{"line":14,"column":2}}},"fnMap":{},"branchMap":{"0":{"loc":{"start":{"line":1,"column":20},"end":{"line":1,"column":55}},"type":"binary-expr","locations":[{"start":{"line":1,"column":20},"end":{"line":1,"column":40}},{"start":{"line":1,"column":44},"end":{"line":1,"column":55}}],"line":1},"1":{"loc":{"start":{"line":4,"column":8},"end":{"line":4,"column":32}},"type":"binary-expr","locations":[{"start":{"line":4,"column":8},"end":{"line":4,"column":24}},{"start":{"line":4,"column":28},"end":{"line":4,"column":32}}],"line":4},"2":{"loc":{"start":{"line":6,"column":10},"end":{"line":6,"column":44}},"type":"binary-expr","locations":[{"start":{"line":6,"column":10},"end":{"line":6,"column":29}},{"start":{"line":6,"column":33},"end":{"line":6,"column":44}}],"line":6},"3":{"loc":{"start":{"line":7,"column":10},"end":{"line":7,"column":37}},"type":"binary-expr","locations":[{"start":{"line":7,"column":10},"end":{"line":7,"column":29}},{"start":{"line":7,"column":33},"end":{"line":7,"column":37}}],"line":7},"4":{"loc":{"start":{"line":9,"column":19},"end":{"line":9,"column":53}},"type":"binary-expr","locations":[{"start":{"line":9,"column":19},"end":{"line":9,"column":42}},{"start":{"line":9,"column":46},"end":{"line":9,"column":53}}],"line":9},"5":{"loc":{"start":{"line":10,"column":22},"end":{"line":10,"column":62}},"type":"binary-expr","locations":[{"start":{"line":10,"column":22},"end":{"line":10,"column":48}},{"start":{"line":10,"column":52},"end":{"line":10,"column":62}}],"line":10},"6":{"loc":{"start":{"line":11,"column":19},"end":{"line":11,"column":53}},"type":"binary-expr","locations":[{"start":{"line":11,"column":19},"end":{"line":11,"column":42}},{"start":{"line":11,"column":46},"end":{"line":11,"column":53}}],"line":11}},"s":{"0":3,"1":3},"f":{},"b":{"0":[3,0],"1":[3,3],"2":[3,3],"3":[3,3],"4":[3,3],"5":[3,3],"6":[3,3]},"_coverageSchema":"43e27e138ebf9cfc5966b082cf9a028302ed4184","hash":"a36997f0003c1d6289205895fc7ad45a6b7f162b"}
,"C:\\Users\\yoyol\\Desktop\\College stuff\\Time Manager\\Time Manager\\config\\index.js": {"path":"C:\\Users\\yoyol\\Desktop\\College stuff\\Time Manager\\Time Manager\\config\\index.js","statementMap":{"0":{"start":{"line":1,"column":17},"end":{"line":1,"column":40}},"1":{"start":{"line":2,"column":20},"end":{"line":2,"column":53}},"2":{"start":{"line":3,"column":15},"end":{"line":3,"column":50}},"3":{"start":{"line":5,"column":0},"end":{"line":5,"column":51}}},"fnMap":{},"branchMap":{"0":{"loc":{"start":{"line":2,"column":20},"end":{"line":2,"column":53}},"type":"binary-expr","locations":[{"start":{"line":2,"column":20},"end":{"line":2,"column":40}},{"start":{"line":2,"column":44},"end":{"line":2,"column":53}}],"line":2}},"s":{"0":3,"1":3,"2":3,"3":3},"f":{},"b":{"0":[3,0]},"_coverageSchema":"43e27e138ebf9cfc5966b082cf9a028302ed4184","hash":"803e964e9911659a76fc0a8918279a86391aca8e"}
,"C:\\Users\\yoyol\\Desktop\\College stuff\\Time Manager\\Time Manager\\config\\test.js": {"path":"C:\\Users\\yoyol\\Desktop\\College stuff\\Time Manager\\Time Manager\\config\\test.js","statementMap":{"0":{"start":{"line":1,"column":0},"end":{"line":4,"column":1}}},"fnMap":{},"branchMap":{},"s":{"0":3},"f":{},"b":{},"_coverageSchema":"43e27e138ebf9cfc5966b082cf9a028302ed4184","hash":"1b5e0069c0e1d07c91a89cad959d4bd4f2a2900a"}
,"C:\\Users\\yoyol\\Desktop\\College stuff\\Time Manager\\Time Manager\\controller\\auth.js": {"path":"C:\\Users\\yoyol\\Desktop\\College stuff\\Time Manager\\Time Manager\\controller\\auth.js","statementMap":{"0":{"start":{"line":1,"column":16},"end":{"line":1,"column":34}},"1":{"start":{"line":2,"column":15},"end":{"line":2,"column":52}},"2":{"start":{"line":3,"column":19},"end":{"line":3,"column":57}},"3":{"start":{"line":6,"column":0},"end":{"line":16,"column":3}},"4":{"start":{"line":7,"column":13},"end":{"line":14,"column":3}},"5":{"start":{"line":15,"column":2},"end":{"line":15,"column":15}},"6":{"start":{"line":18,"column":0},"end":{"line":18,"column":24}}},"fnMap":{"0":{"name":"(anonymous_0)","decl":{"start":{"line":6,"column":16},"end":{"line":6,"column":17}},"loc":{"start":{"line":6,"column":42},"end":{"line":16,"column":1}},"line":6}},"branchMap":{},"s":{"0":1,"1":1,"2":1,"3":1,"4":1,"5":1,"6":1},"f":{"0":1},"b":{},"_coverageSchema":"43e27e138ebf9cfc5966b082cf9a028302ed4184","hash":"ef2f4404e34dd6c3eb9fb9250e74c5bcb2f77944"}
,"C:\\Users\\yoyol\\Desktop\\College stuff\\Time Manager\\Time Manager\\controller\\meetings.js": {"path":"C:\\Users\\yoyol\\Desktop\\College stuff\\Time Manager\\Time Manager\\controller\\meetings.js","statementMap":{"0":{"start":{"line":1,"column":16},"end":{"line":1,"column":34}},"1":{"start":{"line":2,"column":15},"end":{"line":2,"column":52}},"2":{"start":{"line":4,"column":19},"end":{"line":4,"column":43}},"3":{"start":{"line":5,"column":17},"end":{"line":5,"column":42}},"4":{"start":{"line":6,"column":11},"end":{"line":6,"column":47}},"5":{"start":{"line":7,"column":18},"end":{"line":7,"column":38}},"6":{"start":{"line":9,"column":0},"end":{"line":25,"column":2}},"7":{"start":{"line":13,"column":18},"end":{"line":13,"column":26}},"8":{"start":{"line":14,"column":21},"end":{"line":14,"column":34}},"9":{"start":{"line":15,"column":4},"end":{"line":23,"column":5}},"10":{"start":{"line":16,"column":6},"end":{"line":16,"column":62}},"11":{"start":{"line":17,"column":6},"end":{"line":17,"column":34}},"12":{"start":{"line":18,"column":6},"end":{"line":18,"column":32}},"13":{"start":{"line":19,"column":30},"end":{"line":19,"column":72}},"14":{"start":{"line":20,"column":6},"end":{"line":20,"column":32}},"15":{"start":{"line":22,"column":6},"end":{"line":22,"column":16}},"16":{"start":{"line":27,"column":0},"end":{"line":45,"column":2}},"17":{"start":{"line":31,"column":21},"end":{"line":31,"column":34}},"18":{"start":{"line":32,"column":4},"end":{"line":43,"column":5}},"19":{"start":{"line":33,"column":37},"end":{"line":33,"column":78}},"20":{"start":{"line":34,"column":19},"end":{"line":39,"column":8}},"21":{"start":{"line":35,"column":8},"end":{"line":38,"column":9}},"22":{"start":{"line":40,"column":6},"end":{"line":40,"column":20}},"23":{"start":{"line":42,"column":6},"end":{"line":42,"column":16}},"24":{"start":{"line":47,"column":0},"end":{"line":61,"column":1}},"25":{"start":{"line":51,"column":35},"end":{"line":51,"column":44}},"26":{"start":{"line":52,"column":4},"end":{"line":52,"column":26}},"27":{"start":{"line":53,"column":21},"end":{"line":53,"column":34}},"28":{"start":{"line":54,"column":4},"end":{"line":59,"column":5}},"29":{"start":{"line":55,"column":37},"end":{"line":55,"column":105}},"30":{"start":{"line":56,"column":6},"end":{"line":56,"column":28}},"31":{"start":{"line":58,"column":6},"end":{"line":58,"column":15}},"32":{"start":{"line":65,"column":0},"end":{"line":77,"column":2}},"33":{"start":{"line":68,"column":26},"end":{"line":68,"column":36}},"34":{"start":{"line":69,"column":4},"end":{"line":75,"column":5}},"35":{"start":{"line":70,"column":6},"end":{"line":70,"column":29}},"36":{"start":{"line":71,"column":21},"end":{"line":71,"column":67}},"37":{"start":{"line":72,"column":6},"end":{"line":72,"column":23}},"38":{"start":{"line":74,"column":6},"end":{"line":74,"column":16}},"39":{"start":{"line":79,"column":0},"end":{"line":90,"column":2}},"40":{"start":{"line":82,"column":19},"end":{"line":82,"column":29}},"41":{"start":{"line":83,"column":4},"end":{"line":88,"column":5}},"42":{"start":{"line":84,"column":6},"end":{"line":84,"column":48}},"43":{"start":{"line":85,"column":6},"end":{"line":85,"column":28}},"44":{"start":{"line":87,"column":6},"end":{"line":87,"column":16}},"45":{"start":{"line":92,"column":0},"end":{"line":92,"column":24}}},"fnMap":{"0":{"name":"(anonymous_0)","decl":{"start":{"line":12,"column":2},"end":{"line":12,"column":3}},"loc":{"start":{"line":12,"column":28},"end":{"line":24,"column":3}},"line":12},"1":{"name":"(anonymous_1)","decl":{"start":{"line":30,"column":2},"end":{"line":30,"column":3}},"loc":{"start":{"line":30,"column":28},"end":{"line":44,"column":3}},"line":30},"2":{"name":"(anonymous_2)","decl":{"start":{"line":34,"column":41},"end":{"line":34,"column":42}},"loc":{"start":{"line":34,"column":48},"end":{"line":39,"column":7}},"line":34},"3":{"name":"(anonymous_3)","decl":{"start":{"line":50,"column":2},"end":{"line":50,"column":3}},"loc":{"start":{"line":50,"column":28},"end":{"line":60,"column":3}},"line":50},"4":{"name":"(anonymous_4)","decl":{"start":{"line":67,"column":2},"end":{"line":67,"column":3}},"loc":{"start":{"line":67,"column":28},"end":{"line":76,"column":3}},"line":67},"5":{"name":"(anonymous_5)","decl":{"start":{"line":81,"column":2},"end":{"line":81,"column":3}},"loc":{"start":{"line":81,"column":28},"end":{"line":89,"column":3}},"line":81}},"branchMap":{},"s":{"0":1,"1":1,"2":1,"3":1,"4":1,"5":1,"6":1,"7":1,"8":1,"9":1,"10":1,"11":1,"12":1,"13":1,"14":1,"15":0,"16":1,"17":0,"18":0,"19":0,"20":0,"21":0,"22":0,"23":0,"24":1,"25":0,"26":0,"27":0,"28":0,"29":0,"30":0,"31":0,"32":1,"33":0,"34":0,"35":0,"36":0,"37":0,"38":0,"39":1,"40":0,"41":0,"42":0,"43":0,"44":0,"45":1},"f":{"0":1,"1":0,"2":0,"3":0,"4":0,"5":0},"b":{},"_coverageSchema":"43e27e138ebf9cfc5966b082cf9a028302ed4184","hash":"e1e6d3bdff1258fd3aa85dd69981034d95660ed0"}
,"C:\\Users\\yoyol\\Desktop\\College stuff\\Time Manager\\Time Manager\\controller\\tasks.js": {"path":"C:\\Users\\yoyol\\Desktop\\College stuff\\Time Manager\\Time Manager\\controller\\tasks.js","statementMap":{"0":{"start":{"line":1,"column":16},"end":{"line":1,"column":34}},"1":{"start":{"line":2,"column":15},"end":{"line":2,"column":52}},"2":{"start":{"line":4,"column":19},"end":{"line":4,"column":43}},"3":{"start":{"line":5,"column":17},"end":{"line":5,"column":42}},"4":{"start":{"line":6,"column":11},"end":{"line":6,"column":47}},"5":{"start":{"line":7,"column":18},"end":{"line":7,"column":38}},"6":{"start":{"line":8,"column":18},"end":{"line":8,"column":56}},"7":{"start":{"line":9,"column":20},"end":{"line":9,"column":49}},"8":{"start":{"line":13,"column":0},"end":{"line":29,"column":2}},"9":{"start":{"line":17,"column":57},"end":{"line":17,"column":65}},"10":{"start":{"line":18,"column":25},"end":{"line":18,"column":38}},"11":{"start":{"line":19,"column":24},"end":{"line":19,"column":84}},"12":{"start":{"line":20,"column":8},"end":{"line":27,"column":9}},"13":{"start":{"line":21,"column":33},"end":{"line":21,"column":82}},"14":{"start":{"line":22,"column":12},"end":{"line":22,"column":48}},"15":{"start":{"line":23,"column":12},"end":{"line":23,"column":35}},"16":{"start":{"line":26,"column":12},"end":{"line":26,"column":22}},"17":{"start":{"line":31,"column":0},"end":{"line":52,"column":2}},"18":{"start":{"line":36,"column":27},"end":{"line":36,"column":40}},"19":{"start":{"line":37,"column":8},"end":{"line":50,"column":9}},"20":{"start":{"line":38,"column":41},"end":{"line":38,"column":79}},"21":{"start":{"line":40,"column":25},"end":{"line":45,"column":14}},"22":{"start":{"line":41,"column":16},"end":{"line":44,"column":17}},"23":{"start":{"line":46,"column":12},"end":{"line":46,"column":40}},"24":{"start":{"line":47,"column":12},"end":{"line":47,"column":26}},"25":{"start":{"line":49,"column":12},"end":{"line":49,"column":22}},"26":{"start":{"line":54,"column":0},"end":{"line":70,"column":2}},"27":{"start":{"line":57,"column":8},"end":{"line":68,"column":9}},"28":{"start":{"line":58,"column":39},"end":{"line":58,"column":68}},"29":{"start":{"line":59,"column":29},"end":{"line":64,"column":14}},"30":{"start":{"line":60,"column":16},"end":{"line":63,"column":17}},"31":{"start":{"line":65,"column":12},"end":{"line":65,"column":30}},"32":{"start":{"line":67,"column":12},"end":{"line":67,"column":22}},"33":{"start":{"line":72,"column":0},"end":{"line":84,"column":2}},"34":{"start":{"line":75,"column":23},"end":{"line":75,"column":33}},"35":{"start":{"line":76,"column":8},"end":{"line":82,"column":9}},"36":{"start":{"line":77,"column":12},"end":{"line":77,"column":51}},"37":{"start":{"line":78,"column":12},"end":{"line":78,"column":48}},"38":{"start":{"line":79,"column":12},"end":{"line":79,"column":34}},"39":{"start":{"line":81,"column":12},"end":{"line":81,"column":22}},"40":{"start":{"line":88,"column":0},"end":{"line":100,"column":2}},"41":{"start":{"line":91,"column":29},"end":{"line":91,"column":38}},"42":{"start":{"line":92,"column":8},"end":{"line":98,"column":9}},"43":{"start":{"line":93,"column":37},"end":{"line":93,"column":78}},"44":{"start":{"line":94,"column":12},"end":{"line":94,"column":52}},"45":{"start":{"line":95,"column":12},"end":{"line":95,"column":27}},"46":{"start":{"line":97,"column":12},"end":{"line":97,"column":22}},"47":{"start":{"line":102,"column":0},"end":{"line":113,"column":2}},"48":{"start":{"line":105,"column":36},"end":{"line":105,"column":45}},"49":{"start":{"line":106,"column":8},"end":{"line":111,"column":9}},"50":{"start":{"line":107,"column":27},"end":{"line":107,"column":76}},"51":{"start":{"line":108,"column":12},"end":{"line":108,"column":27}},"52":{"start":{"line":110,"column":12},"end":{"line":110,"column":22}},"53":{"start":{"line":115,"column":0},"end":{"line":132,"column":2}},"54":{"start":{"line":118,"column":8},"end":{"line":130,"column":9}},"55":{"start":{"line":119,"column":28},"end":{"line":119,"column":38}},"56":{"start":{"line":120,"column":40},"end":{"line":120,"column":75}},"57":{"start":{"line":121,"column":36},"end":{"line":126,"column":14}},"58":{"start":{"line":122,"column":16},"end":{"line":125,"column":17}},"59":{"start":{"line":127,"column":12},"end":{"line":127,"column":38}},"60":{"start":{"line":129,"column":12},"end":{"line":129,"column":22}},"61":{"start":{"line":135,"column":0},"end":{"line":146,"column":2}},"62":{"start":{"line":138,"column":30},"end":{"line":138,"column":40}},"63":{"start":{"line":139,"column":8},"end":{"line":144,"column":9}},"64":{"start":{"line":140,"column":27},"end":{"line":140,"column":70}},"65":{"start":{"line":141,"column":12},"end":{"line":141,"column":29}},"66":{"start":{"line":143,"column":12},"end":{"line":143,"column":22}},"67":{"start":{"line":153,"column":0},"end":{"line":153,"column":24}}},"fnMap":{"0":{"name":"(anonymous_0)","decl":{"start":{"line":16,"column":4},"end":{"line":16,"column":5}},"loc":{"start":{"line":16,"column":30},"end":{"line":28,"column":5}},"line":16},"1":{"name":"(anonymous_1)","decl":{"start":{"line":34,"column":4},"end":{"line":34,"column":5}},"loc":{"start":{"line":34,"column":30},"end":{"line":51,"column":5}},"line":34},"2":{"name":"(anonymous_2)","decl":{"start":{"line":40,"column":44},"end":{"line":40,"column":45}},"loc":{"start":{"line":40,"column":51},"end":{"line":45,"column":13}},"line":40},"3":{"name":"(anonymous_3)","decl":{"start":{"line":56,"column":4},"end":{"line":56,"column":5}},"loc":{"start":{"line":56,"column":30},"end":{"line":69,"column":5}},"line":56},"4":{"name":"(anonymous_4)","decl":{"start":{"line":59,"column":47},"end":{"line":59,"column":48}},"loc":{"start":{"line":59,"column":54},"end":{"line":64,"column":13}},"line":59},"5":{"name":"(anonymous_5)","decl":{"start":{"line":74,"column":4},"end":{"line":74,"column":5}},"loc":{"start":{"line":74,"column":30},"end":{"line":83,"column":5}},"line":74},"6":{"name":"(anonymous_6)","decl":{"start":{"line":90,"column":4},"end":{"line":90,"column":5}},"loc":{"start":{"line":90,"column":30},"end":{"line":99,"column":5}},"line":90},"7":{"name":"(anonymous_7)","decl":{"start":{"line":104,"column":4},"end":{"line":104,"column":5}},"loc":{"start":{"line":104,"column":30},"end":{"line":112,"column":5}},"line":104},"8":{"name":"(anonymous_8)","decl":{"start":{"line":117,"column":4},"end":{"line":117,"column":5}},"loc":{"start":{"line":117,"column":30},"end":{"line":131,"column":5}},"line":117},"9":{"name":"(anonymous_9)","decl":{"start":{"line":121,"column":55},"end":{"line":121,"column":56}},"loc":{"start":{"line":121,"column":62},"end":{"line":126,"column":13}},"line":121},"10":{"name":"(anonymous_10)","decl":{"start":{"line":137,"column":4},"end":{"line":137,"column":5}},"loc":{"start":{"line":137,"column":30},"end":{"line":145,"column":5}},"line":137}},"branchMap":{},"s":{"0":1,"1":1,"2":1,"3":1,"4":1,"5":1,"6":1,"7":1,"8":1,"9":4,"10":4,"11":4,"12":4,"13":4,"14":4,"15":4,"16":0,"17":1,"18":0,"19":0,"20":0,"21":0,"22":0,"23":0,"24":0,"25":0,"26":1,"27":0,"28":0,"29":0,"30":0,"31":0,"32":0,"33":1,"34":1,"35":1,"36":1,"37":1,"38":1,"39":0,"40":1,"41":0,"42":0,"43":0,"44":0,"45":0,"46":0,"47":1,"48":0,"49":0,"50":0,"51":0,"52":0,"53":1,"54":0,"55":0,"56":0,"57":0,"58":0,"59":0,"60":0,"61":1,"62":1,"63":1,"64":1,"65":1,"66":0,"67":1},"f":{"0":4,"1":0,"2":0,"3":0,"4":0,"5":1,"6":0,"7":0,"8":0,"9":0,"10":1},"b":{},"_coverageSchema":"43e27e138ebf9cfc5966b082cf9a028302ed4184","hash":"b6e9f65a21f16a463c6ff548672d4d26aeddbf2f"}
,"C:\\Users\\yoyol\\Desktop\\College stuff\\Time Manager\\Time Manager\\controller\\users.js": {"path":"C:\\Users\\yoyol\\Desktop\\College stuff\\Time Manager\\Time Manager\\controller\\users.js","statementMap":{"0":{"start":{"line":1,"column":16},"end":{"line":1,"column":34}},"1":{"start":{"line":2,"column":15},"end":{"line":2,"column":52}},"2":{"start":{"line":4,"column":19},"end":{"line":4,"column":43}},"3":{"start":{"line":5,"column":11},"end":{"line":5,"column":47}},"4":{"start":{"line":8,"column":0},"end":{"line":44,"column":2}},"5":{"start":{"line":11,"column":39},"end":{"line":11,"column":47}},"6":{"start":{"line":12,"column":21},"end":{"line":15,"column":9}},"7":{"start":{"line":16,"column":8},"end":{"line":22,"column":9}},"8":{"start":{"line":17,"column":33},"end":{"line":17,"column":69}},"9":{"start":{"line":18,"column":12},"end":{"line":18,"column":35}},"10":{"start":{"line":21,"column":12},"end":{"line":21,"column":22}},"11":{"start":{"line":30,"column":4},"end":{"line":42,"column":5}},"12":{"start":{"line":31,"column":30},"end":{"line":31,"column":62}},"13":{"start":{"line":32,"column":30},"end":{"line":37,"column":10}},"14":{"start":{"line":33,"column":12},"end":{"line":36,"column":13}},"15":{"start":{"line":38,"column":8},"end":{"line":38,"column":32}},"16":{"start":{"line":41,"column":8},"end":{"line":41,"column":18}},"17":{"start":{"line":45,"column":0},"end":{"line":45,"column":23}}},"fnMap":{"0":{"name":"(anonymous_0)","decl":{"start":{"line":10,"column":4},"end":{"line":10,"column":5}},"loc":{"start":{"line":10,"column":30},"end":{"line":23,"column":5}},"line":10},"1":{"name":"(anonymous_1)","decl":{"start":{"line":28,"column":4},"end":{"line":28,"column":5}},"loc":{"start":{"line":28,"column":30},"end":{"line":43,"column":1}},"line":28},"2":{"name":"(anonymous_2)","decl":{"start":{"line":32,"column":45},"end":{"line":32,"column":46}},"loc":{"start":{"line":32,"column":56},"end":{"line":37,"column":9}},"line":32}},"branchMap":{},"s":{"0":1,"1":1,"2":1,"3":1,"4":1,"5":1,"6":1,"7":1,"8":1,"9":1,"10":0,"11":0,"12":0,"13":0,"14":0,"15":0,"16":0,"17":1},"f":{"0":1,"1":0,"2":0},"b":{},"_coverageSchema":"43e27e138ebf9cfc5966b082cf9a028302ed4184","hash":"ec3c729fed8a2db8a7f271459887c15edfcd296a"}
,"C:\\Users\\yoyol\\Desktop\\College stuff\\Time Manager\\Time Manager\\error\\error.js": {"path":"C:\\Users\\yoyol\\Desktop\\College stuff\\Time Manager\\Time Manager\\error\\error.js","statementMap":{"0":{"start":{"line":1,"column":0},"end":{"line":15,"column":4}},"1":{"start":{"line":7,"column":6},"end":{"line":7,"column":21}},"2":{"start":{"line":8,"column":6},"end":{"line":8,"column":35}},"3":{"start":{"line":9,"column":6},"end":{"line":9,"column":29}},"4":{"start":{"line":13,"column":6},"end":{"line":13,"column":74}}},"fnMap":{"0":{"name":"(anonymous_0)","decl":{"start":{"line":2,"column":4},"end":{"line":2,"column":5}},"loc":{"start":{"line":6,"column":6},"end":{"line":10,"column":5}},"line":6},"1":{"name":"(anonymous_1)","decl":{"start":{"line":12,"column":4},"end":{"line":12,"column":5}},"loc":{"start":{"line":12,"column":13},"end":{"line":14,"column":5}},"line":12}},"branchMap":{"0":{"loc":{"start":{"line":4,"column":6},"end":{"line":4,"column":22}},"type":"default-arg","locations":[{"start":{"line":4,"column":19},"end":{"line":4,"column":22}}],"line":4},"1":{"loc":{"start":{"line":5,"column":6},"end":{"line":5,"column":47}},"type":"default-arg","locations":[{"start":{"line":5,"column":16},"end":{"line":5,"column":47}}],"line":5},"2":{"loc":{"start":{"line":13,"column":13},"end":{"line":13,"column":73}},"type":"cond-expr","locations":[{"start":{"line":13,"column":38},"end":{"line":13,"column":63}},{"start":{"line":13,"column":66},"end":{"line":13,"column":73}}],"line":13}},"s":{"0":4,"1":1,"2":1,"3":1,"4":0},"f":{"0":1,"1":0},"b":{"0":[0],"1":[1],"2":[0,0]},"_coverageSchema":"43e27e138ebf9cfc5966b082cf9a028302ed4184","hash":"4a04914e27ff15c3923a870603c1ebea2bb32663"}
,"C:\\Users\\yoyol\\Desktop\\College stuff\\Time Manager\\Time Manager\\repository\\task.js": {"path":"C:\\Users\\yoyol\\Desktop\\College stuff\\Time Manager\\Time Manager\\repository\\task.js","statementMap":{"0":{"start":{"line":3,"column":8},"end":{"line":3,"column":24}},"1":{"start":{"line":4,"column":8},"end":{"line":4,"column":32}},"2":{"start":{"line":5,"column":8},"end":{"line":5,"column":70}},"3":{"start":{"line":6,"column":8},"end":{"line":6,"column":34}},"4":{"start":{"line":7,"column":8},"end":{"line":7,"column":30}},"5":{"start":{"line":8,"column":8},"end":{"line":8,"column":31}},"6":{"start":{"line":12,"column":8},"end":{"line":19,"column":9}},"7":{"start":{"line":23,"column":0},"end":{"line":25,"column":1}}},"fnMap":{"0":{"name":"(anonymous_0)","decl":{"start":{"line":2,"column":4},"end":{"line":2,"column":5}},"loc":{"start":{"line":2,"column":66},"end":{"line":9,"column":5}},"line":2},"1":{"name":"(anonymous_1)","decl":{"start":{"line":11,"column":4},"end":{"line":11,"column":5}},"loc":{"start":{"line":11,"column":14},"end":{"line":20,"column":5}},"line":11}},"branchMap":{"0":{"loc":{"start":{"line":5,"column":27},"end":{"line":5,"column":70}},"type":"cond-expr","locations":[{"start":{"line":5,"column":54},"end":{"line":5,"column":65}},{"start":{"line":5,"column":68},"end":{"line":5,"column":70}}],"line":5}},"s":{"0":4,"1":4,"2":4,"3":4,"4":4,"5":4,"6":4,"7":1},"f":{"0":4,"1":4},"b":{"0":[4,0]},"_coverageSchema":"43e27e138ebf9cfc5966b082cf9a028302ed4184","hash":"342934b6041aa8eec0c882e2c06d4bcf69345b85"}
,"C:\\Users\\yoyol\\Desktop\\College stuff\\Time Manager\\Time Manager\\services\\auth.js": {"path":"C:\\Users\\yoyol\\Desktop\\College stuff\\Time Manager\\Time Manager\\services\\auth.js","statementMap":{"0":{"start":{"line":1,"column":11},"end":{"line":1,"column":43}},"1":{"start":{"line":2,"column":18},"end":{"line":2,"column":38}},"2":{"start":{"line":3,"column":18},"end":{"line":3,"column":47}},"3":{"start":{"line":6,"column":20},"end":{"line":6,"column":52}},"4":{"start":{"line":7,"column":18},"end":{"line":7,"column":20}},"5":{"start":{"line":8,"column":4},"end":{"line":10,"column":6}},"6":{"start":{"line":9,"column":8},"end":{"line":9,"column":60}},"7":{"start":{"line":11,"column":4},"end":{"line":11,"column":16}},"8":{"start":{"line":15,"column":20},"end":{"line":15,"column":33}},"9":{"start":{"line":16,"column":4},"end":{"line":24,"column":5}},"10":{"start":{"line":17,"column":8},"end":{"line":17,"column":30}},"11":{"start":{"line":19,"column":9},"end":{"line":24,"column":5}},"12":{"start":{"line":20,"column":8},"end":{"line":20,"column":30}},"13":{"start":{"line":23,"column":8},"end":{"line":23,"column":29}},"14":{"start":{"line":28,"column":25},"end":{"line":34,"column":5}},"15":{"start":{"line":35,"column":4},"end":{"line":35,"column":23}},"16":{"start":{"line":38,"column":0},"end":{"line":42,"column":1}}},"fnMap":{"0":{"name":"users","decl":{"start":{"line":5,"column":15},"end":{"line":5,"column":20}},"loc":{"start":{"line":5,"column":23},"end":{"line":12,"column":1}},"line":5},"1":{"name":"(anonymous_1)","decl":{"start":{"line":8,"column":26},"end":{"line":8,"column":27}},"loc":{"start":{"line":8,"column":34},"end":{"line":10,"column":5}},"line":8},"2":{"name":"asyncAuthorizer","decl":{"start":{"line":14,"column":15},"end":{"line":14,"column":30}},"loc":{"start":{"line":14,"column":55},"end":{"line":25,"column":1}},"line":14},"3":{"name":"getUnauthorizedResponse","decl":{"start":{"line":27,"column":9},"end":{"line":27,"column":32}},"loc":{"start":{"line":27,"column":41},"end":{"line":36,"column":1}},"line":27}},"branchMap":{"0":{"loc":{"start":{"line":16,"column":4},"end":{"line":24,"column":5}},"type":"if","locations":[{"start":{"line":16,"column":4},"end":{"line":24,"column":5}},{"start":{"line":16,"column":4},"end":{"line":24,"column":5}}],"line":16},"1":{"loc":{"start":{"line":19,"column":9},"end":{"line":24,"column":5}},"type":"if","locations":[{"start":{"line":19,"column":9},"end":{"line":24,"column":5}},{"start":{"line":19,"column":9},"end":{"line":24,"column":5}}],"line":19},"2":{"loc":{"start":{"line":29,"column":17},"end":{"line":31,"column":39}},"type":"cond-expr","locations":[{"start":{"line":30,"column":15},"end":{"line":30,"column":85}},{"start":{"line":31,"column":14},"end":{"line":31,"column":39}}],"line":29}},"s":{"0":3,"1":3,"2":3,"3":10,"4":10,"5":10,"6":80,"7":10,"8":10,"9":10,"10":0,"11":10,"12":0,"13":10,"14":1,"15":1,"16":3},"f":{"0":10,"1":80,"2":10,"3":1},"b":{"0":[0,10],"1":[0,10],"2":[0,1]},"_coverageSchema":"43e27e138ebf9cfc5966b082cf9a028302ed4184","hash":"7f141e24f10ef738341ebea7f8abad586e56db7a"}
,"C:\\Users\\yoyol\\Desktop\\College stuff\\Time Manager\\Time Manager\\services\\elasticsearch\\client.js": {"path":"C:\\Users\\yoyol\\Desktop\\College stuff\\Time Manager\\Time Manager\\services\\elasticsearch\\client.js","statementMap":{"0":{"start":{"line":1,"column":11},"end":{"line":1,"column":35}},"1":{"start":{"line":2,"column":18},"end":{"line":2,"column":41}},"2":{"start":{"line":4,"column":17},"end":{"line":7,"column":2}},"3":{"start":{"line":9,"column":0},"end":{"line":9,"column":28}}},"fnMap":{},"branchMap":{},"s":{"0":3,"1":3,"2":3,"3":3},"f":{},"b":{},"_coverageSchema":"43e27e138ebf9cfc5966b082cf9a028302ed4184","hash":"0b63d26fe9059a67b30227cf5f7df9cdb2d2ce6a"}
,"C:\\Users\\yoyol\\Desktop\\College stuff\\Time Manager\\Time Manager\\services\\elasticsearch\\count.js": {"path":"C:\\Users\\yoyol\\Desktop\\College stuff\\Time Manager\\Time Manager\\services\\elasticsearch\\count.js","statementMap":{"0":{"start":{"line":1,"column":17},"end":{"line":1,"column":36}},"1":{"start":{"line":2,"column":29},"end":{"line":2,"column":57}},"2":{"start":{"line":3,"column":48},"end":{"line":3,"column":73}},"3":{"start":{"line":4,"column":18},"end":{"line":4,"column":41}},"4":{"start":{"line":10,"column":17},"end":{"line":15,"column":1}},"5":{"start":{"line":11,"column":2},"end":{"line":14,"column":5}},"6":{"start":{"line":20,"column":15},"end":{"line":20,"column":33}},"7":{"start":{"line":21,"column":2},"end":{"line":21,"column":37}},"8":{"start":{"line":25,"column":15},"end":{"line":25,"column":17}},"9":{"start":{"line":30,"column":15},"end":{"line":30,"column":39}},"10":{"start":{"line":31,"column":2},"end":{"line":31,"column":71}},"11":{"start":{"line":35,"column":15},"end":{"line":35,"column":52}},"12":{"start":{"line":36,"column":2},"end":{"line":36,"column":19}},"13":{"start":{"line":37,"column":2},"end":{"line":37,"column":71}},"14":{"start":{"line":40,"column":0},"end":{"line":45,"column":2}}},"fnMap":{"0":{"name":"(anonymous_0)","decl":{"start":{"line":10,"column":17},"end":{"line":10,"column":18}},"loc":{"start":{"line":10,"column":53},"end":{"line":15,"column":1}},"line":10},"1":{"name":"countTheTotalNumberOfMeetings","decl":{"start":{"line":19,"column":15},"end":{"line":19,"column":44}},"loc":{"start":{"line":19,"column":47},"end":{"line":22,"column":1}},"line":19},"2":{"name":"countMeetingForUser","decl":{"start":{"line":24,"column":15},"end":{"line":24,"column":34}},"loc":{"start":{"line":24,"column":45},"end":{"line":27,"column":1}},"line":24},"3":{"name":"countTaskForUser","decl":{"start":{"line":29,"column":15},"end":{"line":29,"column":31}},"loc":{"start":{"line":29,"column":43},"end":{"line":32,"column":1}},"line":29},"4":{"name":"countTaskForState","decl":{"start":{"line":34,"column":15},"end":{"line":34,"column":32}},"loc":{"start":{"line":34,"column":51},"end":{"line":38,"column":1}},"line":34}},"branchMap":{},"s":{"0":3,"1":3,"2":3,"3":3,"4":3,"5":0,"6":0,"7":0,"8":0,"9":0,"10":0,"11":0,"12":0,"13":0,"14":3},"f":{"0":0,"1":0,"2":0,"3":0,"4":0},"b":{},"_coverageSchema":"43e27e138ebf9cfc5966b082cf9a028302ed4184","hash":"5ed24d7f846f0e021dcb535c0d37c777ef4a7842"}
,"C:\\Users\\yoyol\\Desktop\\College stuff\\Time Manager\\Time Manager\\services\\elasticsearch\\createIndex.js": {"path":"C:\\Users\\yoyol\\Desktop\\College stuff\\Time Manager\\Time Manager\\services\\elasticsearch\\createIndex.js","statementMap":{"0":{"start":{"line":1,"column":17},"end":{"line":1,"column":36}},"1":{"start":{"line":3,"column":20},"end":{"line":7,"column":1}},"2":{"start":{"line":4,"column":4},"end":{"line":6,"column":7}},"3":{"start":{"line":9,"column":0},"end":{"line":9,"column":29}}},"fnMap":{"0":{"name":"(anonymous_0)","decl":{"start":{"line":3,"column":20},"end":{"line":3,"column":21}},"loc":{"start":{"line":3,"column":47},"end":{"line":7,"column":1}},"line":3}},"branchMap":{},"s":{"0":3,"1":3,"2":0,"3":3},"f":{"0":0},"b":{},"_coverageSchema":"43e27e138ebf9cfc5966b082cf9a028302ed4184","hash":"e8bb017814a9785c1c24ab4db68408604c09fcb7"}
,"C:\\Users\\yoyol\\Desktop\\College stuff\\Time Manager\\Time Manager\\services\\elasticsearch\\deleteIndex.js": {"path":"C:\\Users\\yoyol\\Desktop\\College stuff\\Time Manager\\Time Manager\\services\\elasticsearch\\deleteIndex.js","statementMap":{"0":{"start":{"line":1,"column":17},"end":{"line":1,"column":36}},"1":{"start":{"line":2,"column":18},"end":{"line":2,"column":41}},"2":{"start":{"line":4,"column":20},"end":{"line":8,"column":1}},"3":{"start":{"line":5,"column":4},"end":{"line":7,"column":7}},"4":{"start":{"line":10,"column":17},"end":{"line":15,"column":1}},"5":{"start":{"line":11,"column":4},"end":{"line":14,"column":7}},"6":{"start":{"line":17,"column":23},"end":{"line":19,"column":1}},"7":{"start":{"line":18,"column":4},"end":{"line":18,"column":71}},"8":{"start":{"line":21,"column":26},"end":{"line":23,"column":1}},"9":{"start":{"line":22,"column":4},"end":{"line":22,"column":75}},"10":{"start":{"line":24,"column":0},"end":{"line":27,"column":2}}},"fnMap":{"0":{"name":"(anonymous_0)","decl":{"start":{"line":4,"column":20},"end":{"line":4,"column":21}},"loc":{"start":{"line":4,"column":47},"end":{"line":8,"column":1}},"line":4},"1":{"name":"(anonymous_1)","decl":{"start":{"line":10,"column":17},"end":{"line":10,"column":18}},"loc":{"start":{"line":10,"column":48},"end":{"line":15,"column":1}},"line":10},"2":{"name":"(anonymous_2)","decl":{"start":{"line":17,"column":23},"end":{"line":17,"column":24}},"loc":{"start":{"line":17,"column":41},"end":{"line":19,"column":1}},"line":17},"3":{"name":"(anonymous_3)","decl":{"start":{"line":21,"column":26},"end":{"line":21,"column":27}},"loc":{"start":{"line":21,"column":46},"end":{"line":23,"column":1}},"line":21}},"branchMap":{},"s":{"0":3,"1":3,"2":3,"3":0,"4":3,"5":1,"6":3,"7":1,"8":3,"9":0,"10":3},"f":{"0":0,"1":1,"2":1,"3":0},"b":{},"_coverageSchema":"43e27e138ebf9cfc5966b082cf9a028302ed4184","hash":"74541d7fb7754f0f2b41638ed41556b4b1445280"}
,"C:\\Users\\yoyol\\Desktop\\College stuff\\Time Manager\\Time Manager\\services\\elasticsearch\\index.js": {"path":"C:\\Users\\yoyol\\Desktop\\College stuff\\Time Manager\\Time Manager\\services\\elasticsearch\\index.js","statementMap":{"0":{"start":{"line":1,"column":17},"end":{"line":1,"column":36}},"1":{"start":{"line":2,"column":20},"end":{"line":2,"column":44}},"2":{"start":{"line":3,"column":20},"end":{"line":3,"column":44}},"3":{"start":{"line":4,"column":19},"end":{"line":4,"column":42}},"4":{"start":{"line":5,"column":15},"end":{"line":5,"column":34}},"5":{"start":{"line":6,"column":16},"end":{"line":6,"column":35}},"6":{"start":{"line":7,"column":14},"end":{"line":7,"column":32}},"7":{"start":{"line":8,"column":18},"end":{"line":8,"column":41}},"8":{"start":{"line":9,"column":19},"end":{"line":9,"column":60}},"9":{"start":{"line":12,"column":22},"end":{"line":18,"column":4}},"10":{"start":{"line":13,"column":18},"end":{"line":13,"column":55}},"11":{"start":{"line":14,"column":4},"end":{"line":17,"column":5}},"12":{"start":{"line":19,"column":22},"end":{"line":19,"column":52}},"13":{"start":{"line":20,"column":15},"end":{"line":25,"column":4}},"14":{"start":{"line":21,"column":4},"end":{"line":24,"column":5}},"15":{"start":{"line":22,"column":27},"end":{"line":22,"column":51}},"16":{"start":{"line":23,"column":6},"end":{"line":23,"column":80}},"17":{"start":{"line":26,"column":2},"end":{"line":26,"column":13}},"18":{"start":{"line":29,"column":0},"end":{"line":36,"column":2}}},"fnMap":{"0":{"name":"checkIfIndexExistsOrCreateIt","decl":{"start":{"line":11,"column":15},"end":{"line":11,"column":43}},"loc":{"start":{"line":11,"column":57},"end":{"line":27,"column":1}},"line":11},"1":{"name":"(anonymous_1)","decl":{"start":{"line":12,"column":38},"end":{"line":12,"column":39}},"loc":{"start":{"line":12,"column":58},"end":{"line":18,"column":3}},"line":12},"2":{"name":"(anonymous_2)","decl":{"start":{"line":20,"column":31},"end":{"line":20,"column":32}},"loc":{"start":{"line":20,"column":59},"end":{"line":25,"column":3}},"line":20}},"branchMap":{"0":{"loc":{"start":{"line":21,"column":4},"end":{"line":24,"column":5}},"type":"if","locations":[{"start":{"line":21,"column":4},"end":{"line":24,"column":5}},{"start":{"line":21,"column":4},"end":{"line":24,"column":5}}],"line":21}},"s":{"0":3,"1":3,"2":3,"3":3,"4":3,"5":3,"6":3,"7":3,"8":3,"9":0,"10":0,"11":0,"12":0,"13":0,"14":0,"15":0,"16":0,"17":0,"18":3},"f":{"0":0,"1":0,"2":0},"b":{"0":[0,0]},"_coverageSchema":"43e27e138ebf9cfc5966b082cf9a028302ed4184","hash":"2cfa85d7e9be1338c92a7a922f645381d04f91c8"}
,"C:\\Users\\yoyol\\Desktop\\College stuff\\Time Manager\\Time Manager\\services\\elasticsearch\\insertData.js": {"path":"C:\\Users\\yoyol\\Desktop\\College stuff\\Time Manager\\Time Manager\\services\\elasticsearch\\insertData.js","statementMap":{"0":{"start":{"line":1,"column":17},"end":{"line":1,"column":36}},"1":{"start":{"line":2,"column":18},"end":{"line":2,"column":41}},"2":{"start":{"line":4,"column":18},"end":{"line":10,"column":1}},"3":{"start":{"line":5,"column":2},"end":{"line":9,"column":5}},"4":{"start":{"line":12,"column":22},"end":{"line":14,"column":1}},"5":{"start":{"line":13,"column":2},"end":{"line":13,"column":77}},"6":{"start":{"line":17,"column":2},"end":{"line":17,"column":71}},"7":{"start":{"line":20,"column":19},"end":{"line":22,"column":1}},"8":{"start":{"line":21,"column":2},"end":{"line":21,"column":71}},"9":{"start":{"line":26,"column":0},"end":{"line":30,"column":2}}},"fnMap":{"0":{"name":"(anonymous_0)","decl":{"start":{"line":4,"column":18},"end":{"line":4,"column":19}},"loc":{"start":{"line":4,"column":51},"end":{"line":10,"column":1}},"line":4},"1":{"name":"(anonymous_1)","decl":{"start":{"line":12,"column":22},"end":{"line":12,"column":23}},"loc":{"start":{"line":12,"column":46},"end":{"line":14,"column":1}},"line":12},"2":{"name":"insertTask","decl":{"start":{"line":16,"column":15},"end":{"line":16,"column":25}},"loc":{"start":{"line":16,"column":32},"end":{"line":18,"column":1}},"line":16},"3":{"name":"(anonymous_3)","decl":{"start":{"line":20,"column":19},"end":{"line":20,"column":20}},"loc":{"start":{"line":20,"column":41},"end":{"line":22,"column":1}},"line":20}},"branchMap":{},"s":{"0":3,"1":3,"2":3,"3":6,"4":3,"5":1,"6":4,"7":3,"8":1,"9":3},"f":{"0":6,"1":1,"2":4,"3":1},"b":{},"_coverageSchema":"43e27e138ebf9cfc5966b082cf9a028302ed4184","hash":"22715a2c11a13eb6ed1c9ea7930a1373514353ce"}
,"C:\\Users\\yoyol\\Desktop\\College stuff\\Time Manager\\Time Manager\\services\\elasticsearch\\search.js": {"path":"C:\\Users\\yoyol\\Desktop\\College stuff\\Time Manager\\Time Manager\\services\\elasticsearch\\search.js","statementMap":{"0":{"start":{"line":1,"column":19},"end":{"line":1,"column":48}},"1":{"start":{"line":2,"column":17},"end":{"line":2,"column":36}},"2":{"start":{"line":3,"column":49},"end":{"line":3,"column":77}},"3":{"start":{"line":4,"column":57},"end":{"line":4,"column":82}},"4":{"start":{"line":5,"column":18},"end":{"line":5,"column":41}},"5":{"start":{"line":6,"column":22},"end":{"line":6,"column":55}},"6":{"start":{"line":7,"column":24},"end":{"line":7,"column":50}},"7":{"start":{"line":9,"column":18},"end":{"line":16,"column":1}},"8":{"start":{"line":10,"column":4},"end":{"line":15,"column":7}},"9":{"start":{"line":19,"column":17},"end":{"line":19,"column":44}},"10":{"start":{"line":20,"column":4},"end":{"line":20,"column":84}},"11":{"start":{"line":24,"column":17},"end":{"line":24,"column":41}},"12":{"start":{"line":25,"column":4},"end":{"line":25,"column":81}},"13":{"start":{"line":29,"column":17},"end":{"line":29,"column":32}},"14":{"start":{"line":30,"column":4},"end":{"line":30,"column":81}},"15":{"start":{"line":34,"column":17},"end":{"line":34,"column":31}},"16":{"start":{"line":35,"column":4},"end":{"line":35,"column":81}},"17":{"start":{"line":39,"column":17},"end":{"line":39,"column":38}},"18":{"start":{"line":40,"column":4},"end":{"line":40,"column":81}},"19":{"start":{"line":45,"column":17},"end":{"line":45,"column":30}},"20":{"start":{"line":46,"column":4},"end":{"line":46,"column":80}},"21":{"start":{"line":50,"column":19},"end":{"line":50,"column":60}},"22":{"start":{"line":51,"column":16},"end":{"line":51,"column":53}},"23":{"start":{"line":52,"column":17},"end":{"line":52,"column":57}},"24":{"start":{"line":53,"column":4},"end":{"line":53,"column":37}},"25":{"start":{"line":54,"column":4},"end":{"line":54,"column":82}},"26":{"start":{"line":57,"column":0},"end":{"line":65,"column":1}}},"fnMap":{"0":{"name":"(anonymous_0)","decl":{"start":{"line":9,"column":18},"end":{"line":9,"column":19}},"loc":{"start":{"line":9,"column":66},"end":{"line":16,"column":1}},"line":9},"1":{"name":"getUserMeetings","decl":{"start":{"line":18,"column":15},"end":{"line":18,"column":30}},"loc":{"start":{"line":18,"column":41},"end":{"line":21,"column":1}},"line":18},"2":{"name":"getUserTasks","decl":{"start":{"line":23,"column":15},"end":{"line":23,"column":27}},"loc":{"start":{"line":23,"column":38},"end":{"line":26,"column":1}},"line":23},"3":{"name":"getAllTasks","decl":{"start":{"line":28,"column":15},"end":{"line":28,"column":26}},"loc":{"start":{"line":28,"column":28},"end":{"line":31,"column":1}},"line":28},"4":{"name":"getIdTasks","decl":{"start":{"line":33,"column":15},"end":{"line":33,"column":25}},"loc":{"start":{"line":33,"column":30},"end":{"line":36,"column":1}},"line":33},"5":{"name":"getTaskState","decl":{"start":{"line":38,"column":15},"end":{"line":38,"column":27}},"loc":{"start":{"line":38,"column":35},"end":{"line":42,"column":1}},"line":38},"6":{"name":"getSystemUsers","decl":{"start":{"line":44,"column":15},"end":{"line":44,"column":29}},"loc":{"start":{"line":44,"column":31},"end":{"line":47,"column":1}},"line":44},"7":{"name":"getMeetingsByTimeFrame","decl":{"start":{"line":49,"column":15},"end":{"line":49,"column":37}},"loc":{"start":{"line":49,"column":67},"end":{"line":55,"column":1}},"line":49}},"branchMap":{"0":{"loc":{"start":{"line":50,"column":19},"end":{"line":50,"column":60}},"type":"cond-expr","locations":[{"start":{"line":50,"column":39},"end":{"line":50,"column":48}},{"start":{"line":50,"column":51},"end":{"line":50,"column":60}}],"line":50},"1":{"loc":{"start":{"line":51,"column":16},"end":{"line":51,"column":53}},"type":"cond-expr","locations":[{"start":{"line":51,"column":34},"end":{"line":51,"column":41}},{"start":{"line":51,"column":44},"end":{"line":51,"column":53}}],"line":51}},"s":{"0":3,"1":3,"2":3,"3":3,"4":3,"5":3,"6":3,"7":3,"8":10,"9":0,"10":0,"11":0,"12":0,"13":0,"14":0,"15":0,"16":0,"17":0,"18":0,"19":10,"20":10,"21":0,"22":0,"23":0,"24":0,"25":0,"26":3},"f":{"0":10,"1":0,"2":0,"3":0,"4":0,"5":0,"6":10,"7":0},"b":{"0":[0,0],"1":[0,0]},"_coverageSchema":"43e27e138ebf9cfc5966b082cf9a028302ed4184","hash":"c32cd8d13d6619436f7f7c0dcf0dc39e53ad7f82"}
,"C:\\Users\\yoyol\\Desktop\\College stuff\\Time Manager\\Time Manager\\services\\elasticsearch\\update.js": {"path":"C:\\Users\\yoyol\\Desktop\\College stuff\\Time Manager\\Time Manager\\services\\elasticsearch\\update.js","statementMap":{"0":{"start":{"line":1,"column":17},"end":{"line":1,"column":36}},"1":{"start":{"line":2,"column":18},"end":{"line":2,"column":41}},"2":{"start":{"line":4,"column":24},"end":{"line":16,"column":1}},"3":{"start":{"line":5,"column":22},"end":{"line":13,"column":3}},"4":{"start":{"line":15,"column":2},"end":{"line":15,"column":44}},"5":{"start":{"line":18,"column":27},"end":{"line":30,"column":1}},"6":{"start":{"line":19,"column":22},"end":{"line":27,"column":3}},"7":{"start":{"line":29,"column":2},"end":{"line":29,"column":44}},"8":{"start":{"line":33,"column":0},"end":{"line":36,"column":1}}},"fnMap":{"0":{"name":"(anonymous_0)","decl":{"start":{"line":4,"column":24},"end":{"line":4,"column":25}},"loc":{"start":{"line":4,"column":53},"end":{"line":16,"column":1}},"line":4},"1":{"name":"(anonymous_1)","decl":{"start":{"line":18,"column":27},"end":{"line":18,"column":28}},"loc":{"start":{"line":18,"column":56},"end":{"line":30,"column":1}},"line":18}},"branchMap":{},"s":{"0":3,"1":3,"2":3,"3":1,"4":1,"5":3,"6":0,"7":0,"8":3},"f":{"0":1,"1":0},"b":{},"_coverageSchema":"43e27e138ebf9cfc5966b082cf9a028302ed4184","hash":"d7c196acf9bf1d319d4fa4ad274ceb9ca295ed5f"}
,"C:\\Users\\yoyol\\Desktop\\College stuff\\Time Manager\\Time Manager\\services\\logging\\logging.js": {"path":"C:\\Users\\yoyol\\Desktop\\College stuff\\Time Manager\\Time Manager\\services\\logging\\logging.js","statementMap":{"0":{"start":{"line":1,"column":23},"end":{"line":1,"column":49}},"1":{"start":{"line":2,"column":16},"end":{"line":2,"column":34}},"2":{"start":{"line":4,"column":22},"end":{"line":7,"column":2}},"3":{"start":{"line":9,"column":21},"end":{"line":13,"column":2}},"4":{"start":{"line":17,"column":24},"end":{"line":36,"column":4}},"5":{"start":{"line":22,"column":29},"end":{"line":22,"column":38}},"6":{"start":{"line":23,"column":37},"end":{"line":23,"column":41}},"7":{"start":{"line":24,"column":27},"end":{"line":29,"column":9}},"8":{"start":{"line":30,"column":28},"end":{"line":30,"column":99}},"9":{"start":{"line":31,"column":8},"end":{"line":31,"column":32}},"10":{"start":{"line":32,"column":8},"end":{"line":32,"column":27}},"11":{"start":{"line":37,"column":2},"end":{"line":37,"column":22}},"12":{"start":{"line":40,"column":15},"end":{"line":60,"column":2}},"13":{"start":{"line":62,"column":0},"end":{"line":65,"column":1}}},"fnMap":{"0":{"name":"createRequestLogger","decl":{"start":{"line":16,"column":9},"end":{"line":16,"column":28}},"loc":{"start":{"line":16,"column":41},"end":{"line":38,"column":1}},"line":16},"1":{"name":"(anonymous_1)","decl":{"start":{"line":21,"column":28},"end":{"line":21,"column":29}},"loc":{"start":{"line":21,"column":36},"end":{"line":33,"column":7}},"line":21}},"branchMap":{},"s":{"0":3,"1":3,"2":3,"3":3,"4":3,"5":0,"6":0,"7":0,"8":0,"9":0,"10":0,"11":3,"12":3,"13":3},"f":{"0":3,"1":0},"b":{},"_coverageSchema":"43e27e138ebf9cfc5966b082cf9a028302ed4184","hash":"8876c23969ba28c2474e2fe50a18260c992298b9"}
,"C:\\Users\\yoyol\\Desktop\\College stuff\\Time Manager\\Time Manager\\services\\query\\meetings.js": {"path":"C:\\Users\\yoyol\\Desktop\\College stuff\\Time Manager\\Time Manager\\services\\query\\meetings.js","statementMap":{"0":{"start":{"line":2,"column":4},"end":{"line":6,"column":5}},"1":{"start":{"line":9,"column":25},"end":{"line":15,"column":1}},"2":{"start":{"line":10,"column":4},"end":{"line":14,"column":5}},"3":{"start":{"line":17,"column":26},"end":{"line":25,"column":1}},"4":{"start":{"line":18,"column":4},"end":{"line":24,"column":5}},"5":{"start":{"line":27,"column":27},"end":{"line":52,"column":1}},"6":{"start":{"line":28,"column":4},"end":{"line":28,"column":32}},"7":{"start":{"line":29,"column":4},"end":{"line":51,"column":5}},"8":{"start":{"line":54,"column":0},"end":{"line":59,"column":1}}},"fnMap":{"0":{"name":"matchMeetingByName","decl":{"start":{"line":1,"column":9},"end":{"line":1,"column":27}},"loc":{"start":{"line":1,"column":34},"end":{"line":7,"column":1}},"line":1},"1":{"name":"(anonymous_1)","decl":{"start":{"line":9,"column":25},"end":{"line":9,"column":26}},"loc":{"start":{"line":9,"column":31},"end":{"line":15,"column":1}},"line":9},"2":{"name":"(anonymous_2)","decl":{"start":{"line":17,"column":26},"end":{"line":17,"column":27}},"loc":{"start":{"line":17,"column":40},"end":{"line":25,"column":1}},"line":17},"3":{"name":"(anonymous_3)","decl":{"start":{"line":27,"column":27},"end":{"line":27,"column":28}},"loc":{"start":{"line":27,"column":61},"end":{"line":52,"column":1}},"line":27}},"branchMap":{},"s":{"0":0,"1":3,"2":0,"3":3,"4":0,"5":3,"6":0,"7":0,"8":3},"f":{"0":0,"1":0,"2":0,"3":0},"b":{},"_coverageSchema":"43e27e138ebf9cfc5966b082cf9a028302ed4184","hash":"7449d6ed2ac003f4fe9494c9234e62aae92d4717"}
,"C:\\Users\\yoyol\\Desktop\\College stuff\\Time Manager\\Time Manager\\services\\query\\tasks.js": {"path":"C:\\Users\\yoyol\\Desktop\\College stuff\\Time Manager\\Time Manager\\services\\query\\tasks.js","statementMap":{"0":{"start":{"line":2,"column":4},"end":{"line":6,"column":5}},"1":{"start":{"line":10,"column":4},"end":{"line":14,"column":5}},"2":{"start":{"line":17,"column":22},"end":{"line":23,"column":1}},"3":{"start":{"line":18,"column":4},"end":{"line":22,"column":5}},"4":{"start":{"line":25,"column":23},"end":{"line":33,"column":1}},"5":{"start":{"line":26,"column":4},"end":{"line":32,"column":5}},"6":{"start":{"line":35,"column":21},"end":{"line":43,"column":1}},"7":{"start":{"line":36,"column":4},"end":{"line":42,"column":5}},"8":{"start":{"line":45,"column":19},"end":{"line":53,"column":1}},"9":{"start":{"line":46,"column":4},"end":{"line":52,"column":5}},"10":{"start":{"line":55,"column":29},"end":{"line":72,"column":1}},"11":{"start":{"line":56,"column":4},"end":{"line":71,"column":5}},"12":{"start":{"line":74,"column":23},"end":{"line":82,"column":1}},"13":{"start":{"line":75,"column":4},"end":{"line":81,"column":5}},"14":{"start":{"line":84,"column":0},"end":{"line":93,"column":1}}},"fnMap":{"0":{"name":"matchTasksByName","decl":{"start":{"line":1,"column":9},"end":{"line":1,"column":25}},"loc":{"start":{"line":1,"column":32},"end":{"line":7,"column":1}},"line":1},"1":{"name":"matchTasksByState","decl":{"start":{"line":9,"column":9},"end":{"line":9,"column":26}},"loc":{"start":{"line":9,"column":34},"end":{"line":15,"column":1}},"line":9},"2":{"name":"(anonymous_2)","decl":{"start":{"line":17,"column":22},"end":{"line":17,"column":23}},"loc":{"start":{"line":17,"column":28},"end":{"line":23,"column":1}},"line":17},"3":{"name":"(anonymous_3)","decl":{"start":{"line":25,"column":23},"end":{"line":25,"column":24}},"loc":{"start":{"line":25,"column":37},"end":{"line":33,"column":1}},"line":25},"4":{"name":"(anonymous_4)","decl":{"start":{"line":35,"column":21},"end":{"line":35,"column":22}},"loc":{"start":{"line":35,"column":29},"end":{"line":43,"column":1}},"line":35},"5":{"name":"(anonymous_5)","decl":{"start":{"line":45,"column":19},"end":{"line":45,"column":20}},"loc":{"start":{"line":45,"column":33},"end":{"line":53,"column":1}},"line":45},"6":{"name":"(anonymous_6)","decl":{"start":{"line":55,"column":29},"end":{"line":55,"column":30}},"loc":{"start":{"line":55,"column":50},"end":{"line":72,"column":1}},"line":55},"7":{"name":"(anonymous_7)","decl":{"start":{"line":74,"column":23},"end":{"line":74,"column":24}},"loc":{"start":{"line":74,"column":34},"end":{"line":82,"column":1}},"line":74}},"branchMap":{},"s":{"0":0,"1":0,"2":3,"3":0,"4":3,"5":0,"6":3,"7":0,"8":3,"9":0,"10":3,"11":0,"12":3,"13":0,"14":3},"f":{"0":0,"1":0,"2":0,"3":0,"4":0,"5":0,"6":0,"7":0},"b":{},"_coverageSchema":"43e27e138ebf9cfc5966b082cf9a028302ed4184","hash":"f6accc92bd1525dd926e5850be5ca848d6f48b26"}
,"C:\\Users\\yoyol\\Desktop\\College stuff\\Time Manager\\Time Manager\\services\\query\\users.js": {"path":"C:\\Users\\yoyol\\Desktop\\College stuff\\Time Manager\\Time Manager\\services\\query\\users.js","statementMap":{"0":{"start":{"line":2,"column":4},"end":{"line":6,"column":5}},"1":{"start":{"line":10,"column":0},"end":{"line":12,"column":1}}},"fnMap":{"0":{"name":"getAllUsers","decl":{"start":{"line":1,"column":9},"end":{"line":1,"column":20}},"loc":{"start":{"line":1,"column":23},"end":{"line":7,"column":1}},"line":1}},"branchMap":{},"s":{"0":10,"1":3},"f":{"0":10},"b":{},"_coverageSchema":"43e27e138ebf9cfc5966b082cf9a028302ed4184","hash":"c9337f63d35210aac9b20409839dd18292e210fc"}
,"C:\\Users\\yoyol\\Desktop\\College stuff\\Time Manager\\Time Manager\\utils\\request-utils.js": {"path":"C:\\Users\\yoyol\\Desktop\\College stuff\\Time Manager\\Time Manager\\utils\\request-utils.js","statementMap":{"0":{"start":{"line":1,"column":17},"end":{"line":1,"column":42}},"1":{"start":{"line":2,"column":19},"end":{"line":2,"column":57}},"2":{"start":{"line":12,"column":15},"end":{"line":20,"column":3}},"3":{"start":{"line":21,"column":2},"end":{"line":31,"column":3}},"4":{"start":{"line":22,"column":4},"end":{"line":22,"column":50}},"5":{"start":{"line":23,"column":9},"end":{"line":31,"column":3}},"6":{"start":{"line":24,"column":4},"end":{"line":24,"column":47}},"7":{"start":{"line":26,"column":4},"end":{"line":26,"column":26}},"8":{"start":{"line":27,"column":25},"end":{"line":29,"column":37}},"9":{"start":{"line":30,"column":4},"end":{"line":30,"column":52}},"10":{"start":{"line":32,"column":2},"end":{"line":41,"column":3}},"11":{"start":{"line":33,"column":23},"end":{"line":38,"column":5}},"12":{"start":{"line":40,"column":4},"end":{"line":40,"column":42}},"13":{"start":{"line":42,"column":2},"end":{"line":42,"column":20}},"14":{"start":{"line":46,"column":2},"end":{"line":46,"column":55}},"15":{"start":{"line":47,"column":2},"end":{"line":59,"column":4}},"16":{"start":{"line":48,"column":4},"end":{"line":48,"column":69}},"17":{"start":{"line":49,"column":4},"end":{"line":52,"column":6}},"18":{"start":{"line":53,"column":4},"end":{"line":53,"column":78}},"19":{"start":{"line":54,"column":4},"end":{"line":58,"column":5}},"20":{"start":{"line":55,"column":6},"end":{"line":55,"column":29}},"21":{"start":{"line":57,"column":6},"end":{"line":57,"column":13}},"22":{"start":{"line":63,"column":2},"end":{"line":68,"column":3}},"23":{"start":{"line":67,"column":4},"end":{"line":67,"column":35}},"24":{"start":{"line":69,"column":2},"end":{"line":69,"column":32}},"25":{"start":{"line":73,"column":2},"end":{"line":73,"column":76}},"26":{"start":{"line":77,"column":2},"end":{"line":77,"column":50}},"27":{"start":{"line":80,"column":0},"end":{"line":85,"column":2}}},"fnMap":{"0":{"name":"resolveError","decl":{"start":{"line":11,"column":9},"end":{"line":11,"column":21}},"loc":{"start":{"line":11,"column":46},"end":{"line":43,"column":1}},"line":11},"1":{"name":"cors","decl":{"start":{"line":45,"column":9},"end":{"line":45,"column":13}},"loc":{"start":{"line":45,"column":28},"end":{"line":60,"column":1}},"line":45},"2":{"name":"(anonymous_2)","decl":{"start":{"line":47,"column":9},"end":{"line":47,"column":10}},"loc":{"start":{"line":47,"column":35},"end":{"line":59,"column":3}},"line":47},"3":{"name":"defaultErrorHandler","decl":{"start":{"line":62,"column":9},"end":{"line":62,"column":28}},"loc":{"start":{"line":62,"column":42},"end":{"line":70,"column":1}},"line":62},"4":{"name":"developmentErrorHandler","decl":{"start":{"line":72,"column":9},"end":{"line":72,"column":32}},"loc":{"start":{"line":72,"column":54},"end":{"line":74,"column":1}},"line":72},"5":{"name":"productionErrorHandler","decl":{"start":{"line":76,"column":9},"end":{"line":76,"column":31}},"loc":{"start":{"line":76,"column":53},"end":{"line":78,"column":1}},"line":76}},"branchMap":{"0":{"loc":{"start":{"line":21,"column":2},"end":{"line":31,"column":3}},"type":"if","locations":[{"start":{"line":21,"column":2},"end":{"line":31,"column":3}},{"start":{"line":21,"column":2},"end":{"line":31,"column":3}}],"line":21},"1":{"loc":{"start":{"line":23,"column":9},"end":{"line":31,"column":3}},"type":"if","locations":[{"start":{"line":23,"column":9},"end":{"line":31,"column":3}},{"start":{"line":23,"column":9},"end":{"line":31,"column":3}}],"line":23},"2":{"loc":{"start":{"line":27,"column":25},"end":{"line":29,"column":37}},"type":"cond-expr","locations":[{"start":{"line":28,"column":8},"end":{"line":28,"column":61}},{"start":{"line":29,"column":8},"end":{"line":29,"column":37}}],"line":27},"3":{"loc":{"start":{"line":32,"column":2},"end":{"line":41,"column":3}},"type":"if","locations":[{"start":{"line":32,"column":2},"end":{"line":41,"column":3}},{"start":{"line":32,"column":2},"end":{"line":41,"column":3}}],"line":32},"4":{"loc":{"start":{"line":45,"column":14},"end":{"line":45,"column":26}},"type":"default-arg","locations":[{"start":{"line":45,"column":24},"end":{"line":45,"column":26}}],"line":45},"5":{"loc":{"start":{"line":46,"column":26},"end":{"line":46,"column":54}},"type":"binary-expr","locations":[{"start":{"line":46,"column":26},"end":{"line":46,"column":47}},{"start":{"line":46,"column":51},"end":{"line":46,"column":54}}],"line":46},"6":{"loc":{"start":{"line":54,"column":4},"end":{"line":58,"column":5}},"type":"if","locations":[{"start":{"line":54,"column":4},"end":{"line":58,"column":5}},{"start":{"line":54,"column":4},"end":{"line":58,"column":5}}],"line":54},"7":{"loc":{"start":{"line":63,"column":2},"end":{"line":68,"column":3}},"type":"if","locations":[{"start":{"line":63,"column":2},"end":{"line":68,"column":3}},{"start":{"line":63,"column":2},"end":{"line":68,"column":3}}],"line":63},"8":{"loc":{"start":{"line":64,"column":4},"end":{"line":65,"column":25}},"type":"binary-expr","locations":[{"start":{"line":64,"column":4},"end":{"line":64,"column":30}},{"start":{"line":65,"column":4},"end":{"line":65,"column":25}}],"line":64}},"s":{"0":3,"1":3,"2":0,"3":0,"4":0,"5":0,"6":0,"7":0,"8":0,"9":0,"10":0,"11":0,"12":0,"13":0,"14":9,"15":9,"16":12,"17":12,"18":12,"19":12,"20":0,"21":12,"22":9,"23":9,"24":0,"25":0,"26":0,"27":3},"f":{"0":0,"1":9,"2":12,"3":9,"4":0,"5":0},"b":{"0":[0,0],"1":[0,0],"2":[0,0],"3":[0,0],"4":[9],"5":[9,9],"6":[0,12],"7":[9,0],"8":[9,9]},"_coverageSchema":"43e27e138ebf9cfc5966b082cf9a028302ed4184","hash":"68842daca868c424c0152acd822de2a10abd7707"}
,"C:\\Users\\yoyol\\Desktop\\College stuff\\Time Manager\\Time Manager\\validation\\index.js": {"path":"C:\\Users\\yoyol\\Desktop\\College stuff\\Time Manager\\Time Manager\\validation\\index.js","statementMap":{"0":{"start":{"line":1,"column":36},"end":{"line":1,"column":64}},"1":{"start":{"line":2,"column":17},"end":{"line":2,"column":41}},"2":{"start":{"line":3,"column":14},"end":{"line":3,"column":35}},"3":{"start":{"line":4,"column":14},"end":{"line":4,"column":32}},"4":{"start":{"line":7,"column":4},"end":{"line":13,"column":6}},"5":{"start":{"line":8,"column":23},"end":{"line":8,"column":44}},"6":{"start":{"line":9,"column":8},"end":{"line":11,"column":9}},"7":{"start":{"line":10,"column":12},"end":{"line":10,"column":69}},"8":{"start":{"line":12,"column":8},"end":{"line":12,"column":15}},"9":{"start":{"line":17,"column":0},"end":{"line":22,"column":2}}},"fnMap":{"0":{"name":"validate","decl":{"start":{"line":6,"column":9},"end":{"line":6,"column":17}},"loc":{"start":{"line":6,"column":20},"end":{"line":14,"column":1}},"line":6},"1":{"name":"(anonymous_1)","decl":{"start":{"line":7,"column":11},"end":{"line":7,"column":12}},"loc":{"start":{"line":7,"column":31},"end":{"line":13,"column":5}},"line":7}},"branchMap":{"0":{"loc":{"start":{"line":9,"column":8},"end":{"line":11,"column":9}},"type":"if","locations":[{"start":{"line":9,"column":8},"end":{"line":11,"column":9}},{"start":{"line":9,"column":8},"end":{"line":11,"column":9}}],"line":9}},"s":{"0":3,"1":3,"2":3,"3":3,"4":10,"5":10,"6":10,"7":2,"8":8,"9":3},"f":{"0":10,"1":10},"b":{"0":[2,8]},"_coverageSchema":"43e27e138ebf9cfc5966b082cf9a028302ed4184","hash":"91bc07a999c7032d4f2314ebb30bd1e88aa9b21d"}
,"C:\\Users\\yoyol\\Desktop\\College stuff\\Time Manager\\Time Manager\\validation\\meetings.js": {"path":"C:\\Users\\yoyol\\Desktop\\College stuff\\Time Manager\\Time Manager\\validation\\meetings.js","statementMap":{"0":{"start":{"line":7,"column":4},"end":{"line":7,"column":32}},"1":{"start":{"line":8,"column":18},"end":{"line":8,"column":38}},"2":{"start":{"line":10,"column":21},"end":{"line":10,"column":55}},"3":{"start":{"line":13,"column":4},"end":{"line":25,"column":6}},"4":{"start":{"line":31,"column":4},"end":{"line":37,"column":6}},"5":{"start":{"line":42,"column":4},"end":{"line":47,"column":6}},"6":{"start":{"line":54,"column":0},"end":{"line":58,"column":2}}},"fnMap":{"0":{"name":"createMeeting","decl":{"start":{"line":12,"column":9},"end":{"line":12,"column":22}},"loc":{"start":{"line":12,"column":25},"end":{"line":26,"column":1}},"line":12},"1":{"name":"setMeetingState","decl":{"start":{"line":30,"column":9},"end":{"line":30,"column":24}},"loc":{"start":{"line":30,"column":27},"end":{"line":38,"column":1}},"line":30},"2":{"name":"deleteIdMeeting","decl":{"start":{"line":41,"column":9},"end":{"line":41,"column":24}},"loc":{"start":{"line":41,"column":27},"end":{"line":48,"column":1}},"line":41}},"branchMap":{},"s":{"0":3,"1":3,"2":3,"3":1,"4":1,"5":1,"6":3},"f":{"0":1,"1":1,"2":1},"b":{},"_coverageSchema":"43e27e138ebf9cfc5966b082cf9a028302ed4184","hash":"8dbc0445fca3b033492a00599153ce3e228f476c"}
,"C:\\Users\\yoyol\\Desktop\\College stuff\\Time Manager\\Time Manager\\validation\\tasks.js": {"path":"C:\\Users\\yoyol\\Desktop\\College stuff\\Time Manager\\Time Manager\\validation\\tasks.js","statementMap":{"0":{"start":{"line":7,"column":4},"end":{"line":7,"column":32}},"1":{"start":{"line":8,"column":18},"end":{"line":8,"column":38}},"2":{"start":{"line":11,"column":4},"end":{"line":24,"column":6}},"3":{"start":{"line":26,"column":21},"end":{"line":26,"column":54}},"4":{"start":{"line":29,"column":4},"end":{"line":35,"column":6}},"5":{"start":{"line":39,"column":4},"end":{"line":48,"column":6}},"6":{"start":{"line":55,"column":4},"end":{"line":60,"column":6}},"7":{"start":{"line":64,"column":4},"end":{"line":69,"column":6}},"8":{"start":{"line":73,"column":4},"end":{"line":83,"column":5}},"9":{"start":{"line":87,"column":4},"end":{"line":89,"column":6}},"10":{"start":{"line":92,"column":0},"end":{"line":100,"column":2}}},"fnMap":{"0":{"name":"createTask","decl":{"start":{"line":10,"column":9},"end":{"line":10,"column":19}},"loc":{"start":{"line":10,"column":22},"end":{"line":25,"column":1}},"line":10},"1":{"name":"setTaskState","decl":{"start":{"line":28,"column":9},"end":{"line":28,"column":21}},"loc":{"start":{"line":28,"column":24},"end":{"line":36,"column":1}},"line":28},"2":{"name":"setTaskStateDone","decl":{"start":{"line":38,"column":9},"end":{"line":38,"column":25}},"loc":{"start":{"line":38,"column":27},"end":{"line":49,"column":1}},"line":38},"3":{"name":"deleteIdTask","decl":{"start":{"line":54,"column":9},"end":{"line":54,"column":21}},"loc":{"start":{"line":54,"column":23},"end":{"line":61,"column":1}},"line":54},"4":{"name":"countTask","decl":{"start":{"line":63,"column":9},"end":{"line":63,"column":18}},"loc":{"start":{"line":63,"column":20},"end":{"line":70,"column":1}},"line":63},"5":{"name":"countTasksByState","decl":{"start":{"line":72,"column":9},"end":{"line":72,"column":26}},"loc":{"start":{"line":72,"column":28},"end":{"line":84,"column":1}},"line":72},"6":{"name":"getTaskByState","decl":{"start":{"line":86,"column":9},"end":{"line":86,"column":23}},"loc":{"start":{"line":86,"column":25},"end":{"line":90,"column":1}},"line":86}},"branchMap":{},"s":{"0":3,"1":3,"2":1,"3":3,"4":1,"5":0,"6":1,"7":1,"8":1,"9":1,"10":3},"f":{"0":1,"1":1,"2":0,"3":1,"4":1,"5":1,"6":1},"b":{},"_coverageSchema":"43e27e138ebf9cfc5966b082cf9a028302ed4184","hash":"367534cc7e4cd900a22f44ef85e094c3cd8417c7"}
,"C:\\Users\\yoyol\\Desktop\\College stuff\\Time Manager\\Time Manager\\validation\\users.js": {"path":"C:\\Users\\yoyol\\Desktop\\College stuff\\Time Manager\\Time Manager\\validation\\users.js","statementMap":{"0":{"start":{"line":7,"column":4},"end":{"line":7,"column":32}},"1":{"start":{"line":8,"column":18},"end":{"line":8,"column":38}},"2":{"start":{"line":11,"column":4},"end":{"line":20,"column":6}},"3":{"start":{"line":23,"column":0},"end":{"line":25,"column":1}}},"fnMap":{"0":{"name":"userCallAPI","decl":{"start":{"line":10,"column":9},"end":{"line":10,"column":20}},"loc":{"start":{"line":10,"column":23},"end":{"line":21,"column":1}},"line":10}},"branchMap":{},"s":{"0":3,"1":3,"2":1,"3":3},"f":{"0":1},"b":{},"_coverageSchema":"43e27e138ebf9cfc5966b082cf9a028302ed4184","hash":"733e5bc5a1eb4dcea07c08a47628b51a91e97e54"}
}
