TN:
SF:C:\Users\z0043zwf\Desktop\LeoProject\__tests__\helpers\setup.js
FN:8,getExpressApp
FNF:1
FNH:1
FNDA:2,getExpressApp
DA:1,1
DA:2,1
DA:3,1
DA:4,1
DA:5,1
DA:6,1
DA:9,2
DA:11,2
DA:16,2
DA:17,2
DA:19,2
DA:26,2
DA:31,1
LF:13
LH:13
BRDA:2,0,0,1
BRDA:2,0,1,0
BRF:2
BRH:1
end_of_record
TN:
SF:C:\Users\z0043zwf\Desktop\LeoProject\config\default.js
FNF:0
FNH:0
DA:1,1
DA:2,1
LF:2
LH:2
BRDA:1,0,0,1
BRDA:1,0,1,0
BRDA:4,1,0,1
BRDA:4,1,1,1
BRDA:6,2,0,1
BRDA:6,2,1,1
BRDA:7,3,0,1
BRDA:7,3,1,1
BRDA:9,4,0,1
BRDA:9,4,1,1
BRDA:10,5,0,1
BRDA:10,5,1,1
BRDA:11,6,0,1
BRDA:11,6,1,1
BRF:14
BRH:13
end_of_record
TN:
SF:C:\Users\z0043zwf\Desktop\LeoProject\config\index.js
FNF:0
FNH:0
DA:1,1
DA:2,1
DA:3,1
DA:5,1
LF:4
LH:4
BRDA:2,0,0,1
BRDA:2,0,1,0
BRF:2
BRH:1
end_of_record
TN:
SF:C:\Users\z0043zwf\Desktop\LeoProject\config\test.js
FNF:0
FNH:0
DA:1,1
LF:1
LH:1
BRF:0
BRH:0
end_of_record
TN:
SF:C:\Users\z0043zwf\Desktop\LeoProject\controller\auth.js
FN:5,(anonymous_0)
FNF:1
FNH:1
FNDA:1,(anonymous_0)
DA:1,1
DA:2,1
DA:5,1
DA:6,1
DA:14,1
DA:17,1
LF:6
LH:6
BRF:0
BRH:0
end_of_record
TN:
SF:C:\Users\z0043zwf\Desktop\LeoProject\error\error.js
FN:2,(anonymous_0)
FN:12,(anonymous_1)
FNF:2
FNH:1
FNDA:1,(anonymous_0)
FNDA:0,(anonymous_1)
DA:1,2
DA:7,1
DA:8,1
DA:9,1
DA:13,0
LF:5
LH:4
BRDA:4,0,0,0
BRDA:5,1,0,1
BRDA:13,2,0,0
BRDA:13,2,1,0
BRF:4
BRH:1
end_of_record
TN:
SF:C:\Users\z0043zwf\Desktop\LeoProject\services\auth.js
FN:5,users
FN:8,(anonymous_1)
FN:14,asyncAuthorizer
FN:27,getUnauthorizedResponse
FNF:4
FNH:4
FNDA:1,users
FNDA:22,(anonymous_1)
FNDA:1,asyncAuthorizer
FNDA:1,getUnauthorizedResponse
DA:1,1
DA:2,1
DA:3,1
DA:6,1
DA:7,1
DA:8,1
DA:9,22
DA:11,1
DA:15,1
DA:16,1
DA:17,0
DA:19,1
DA:20,0
DA:23,1
DA:28,1
DA:35,1
DA:38,1
LF:17
LH:15
BRDA:16,0,0,0
BRDA:16,0,1,1
BRDA:19,1,0,0
BRDA:19,1,1,1
BRDA:29,2,0,0
BRDA:29,2,1,1
BRF:6
BRH:3
end_of_record
TN:
SF:C:\Users\z0043zwf\Desktop\LeoProject\services\elasticsearch\client.js
FNF:0
FNH:0
DA:1,1
DA:2,1
DA:4,1
DA:9,1
LF:4
LH:4
BRF:0
BRH:0
end_of_record
TN:
SF:C:\Users\z0043zwf\Desktop\LeoProject\services\elasticsearch\count.js
FN:10,(anonymous_0)
FN:19,countTheTotalNumberOfMeetings
FN:24,countMeetingForUser
FN:29,countTaskForUser
FN:34,countTaskForState
FNF:5
FNH:0
FNDA:0,(anonymous_0)
FNDA:0,countTheTotalNumberOfMeetings
FNDA:0,countMeetingForUser
FNDA:0,countTaskForUser
FNDA:0,countTaskForState
DA:1,1
DA:2,1
DA:3,1
DA:4,1
DA:10,1
DA:11,0
DA:20,0
DA:21,0
DA:25,0
DA:30,0
DA:31,0
DA:35,0
DA:36,0
DA:37,0
DA:40,1
LF:15
LH:6
BRF:0
BRH:0
end_of_record
TN:
SF:C:\Users\z0043zwf\Desktop\LeoProject\services\elasticsearch\createIndex.js
FN:3,(anonymous_0)
FNF:1
FNH:0
FNDA:0,(anonymous_0)
DA:1,1
DA:3,1
DA:4,0
DA:9,1
LF:4
LH:3
BRF:0
BRH:0
end_of_record
TN:
SF:C:\Users\z0043zwf\Desktop\LeoProject\services\elasticsearch\deleteIndex.js
FN:4,(anonymous_0)
FN:10,(anonymous_1)
FN:17,(anonymous_2)
FN:21,(anonymous_3)
FNF:4
FNH:0
FNDA:0,(anonymous_0)
FNDA:0,(anonymous_1)
FNDA:0,(anonymous_2)
FNDA:0,(anonymous_3)
DA:1,1
DA:2,1
DA:4,1
DA:5,0
DA:10,1
DA:11,0
DA:17,1
DA:18,0
DA:21,1
DA:22,0
DA:24,1
LF:11
LH:7
BRF:0
BRH:0
end_of_record
TN:
SF:C:\Users\z0043zwf\Desktop\LeoProject\services\elasticsearch\index.js
FN:11,checkIfIndexExistsOrCreateIt
FN:12,(anonymous_1)
FN:20,(anonymous_2)
FNF:3
FNH:0
FNDA:0,checkIfIndexExistsOrCreateIt
FNDA:0,(anonymous_1)
FNDA:0,(anonymous_2)
DA:1,1
DA:2,1
DA:3,1
DA:4,1
DA:5,1
DA:6,1
DA:7,1
DA:8,1
DA:9,1
DA:12,0
DA:13,0
DA:14,0
DA:19,0
DA:20,0
DA:21,0
DA:22,0
DA:23,0
DA:26,0
DA:29,1
LF:19
LH:10
BRDA:21,0,0,0
BRDA:21,0,1,0
BRF:2
BRH:0
end_of_record
TN:
SF:C:\Users\z0043zwf\Desktop\LeoProject\services\elasticsearch\insertData.js
FN:4,(anonymous_0)
FN:12,(anonymous_1)
FN:16,insertTask
FN:20,(anonymous_3)
FNF:4
FNH:0
FNDA:0,(anonymous_0)
FNDA:0,(anonymous_1)
FNDA:0,insertTask
FNDA:0,(anonymous_3)
DA:1,1
DA:2,1
DA:4,1
DA:5,0
DA:12,1
DA:13,0
DA:17,0
DA:20,1
DA:21,0
DA:26,1
LF:10
LH:6
BRF:0
BRH:0
end_of_record
TN:
SF:C:\Users\z0043zwf\Desktop\LeoProject\services\elasticsearch\search.js
FN:9,(anonymous_0)
FN:18,getUserMeetings
FN:23,getUserTasks
FN:28,getAllTasks
FN:33,getIdTasks
FN:38,getTaskState
FN:44,getSystemUsers
FN:49,getMeetingsByTimeFrame
FNF:8
FNH:2
FNDA:1,(anonymous_0)
FNDA:0,getUserMeetings
FNDA:0,getUserTasks
FNDA:0,getAllTasks
FNDA:0,getIdTasks
FNDA:0,getTaskState
FNDA:1,getSystemUsers
FNDA:0,getMeetingsByTimeFrame
DA:1,1
DA:2,1
DA:3,1
DA:4,1
DA:5,1
DA:6,1
DA:7,1
DA:9,1
DA:10,1
DA:19,0
DA:20,0
DA:24,0
DA:25,0
DA:29,0
DA:30,0
DA:34,0
DA:35,0
DA:39,0
DA:40,0
DA:45,1
DA:46,1
DA:50,0
DA:51,0
DA:52,0
DA:53,0
DA:54,0
DA:57,1
LF:27
LH:12
BRDA:50,0,0,0
BRDA:50,0,1,0
BRDA:51,1,0,0
BRDA:51,1,1,0
BRF:4
BRH:0
end_of_record
TN:
SF:C:\Users\z0043zwf\Desktop\LeoProject\services\elasticsearch\update.js
FN:4,(anonymous_0)
FN:18,(anonymous_1)
FNF:2
FNH:0
FNDA:0,(anonymous_0)
FNDA:0,(anonymous_1)
DA:1,1
DA:2,1
DA:4,1
DA:5,0
DA:15,0
DA:18,1
DA:19,0
DA:29,0
DA:33,1
LF:9
LH:5
BRF:0
BRH:0
end_of_record
TN:
SF:C:\Users\z0043zwf\Desktop\LeoProject\services\logging\logging.js
FN:16,createRequestLogger
FN:21,(anonymous_1)
FNF:2
FNH:1
FNDA:1,createRequestLogger
FNDA:0,(anonymous_1)
DA:1,1
DA:2,1
DA:4,1
DA:9,1
DA:17,1
DA:22,0
DA:23,0
DA:24,0
DA:30,0
DA:31,0
DA:32,0
DA:37,1
DA:40,1
DA:55,1
DA:68,1
LF:15
LH:9
BRF:0
BRH:0
end_of_record
TN:
SF:C:\Users\z0043zwf\Desktop\LeoProject\services\query\meetings.js
FN:1,matchMeetingByName
FN:9,(anonymous_1)
FN:17,(anonymous_2)
FN:27,(anonymous_3)
FNF:4
FNH:0
FNDA:0,matchMeetingByName
FNDA:0,(anonymous_1)
FNDA:0,(anonymous_2)
FNDA:0,(anonymous_3)
DA:2,0
DA:9,1
DA:10,0
DA:17,1
DA:18,0
DA:27,1
DA:28,0
DA:29,0
DA:54,1
LF:9
LH:4
BRF:0
BRH:0
end_of_record
TN:
SF:C:\Users\z0043zwf\Desktop\LeoProject\services\query\tasks.js
FN:1,matchTasksByName
FN:9,matchTasksByState
FN:17,(anonymous_2)
FN:25,(anonymous_3)
FN:35,(anonymous_4)
FN:45,(anonymous_5)
FN:55,(anonymous_6)
FN:74,(anonymous_7)
FNF:8
FNH:0
FNDA:0,matchTasksByName
FNDA:0,matchTasksByState
FNDA:0,(anonymous_2)
FNDA:0,(anonymous_3)
FNDA:0,(anonymous_4)
FNDA:0,(anonymous_5)
FNDA:0,(anonymous_6)
FNDA:0,(anonymous_7)
DA:2,0
DA:10,0
DA:17,1
DA:18,0
DA:25,1
DA:26,0
DA:35,1
DA:36,0
DA:45,1
DA:46,0
DA:55,1
DA:56,0
DA:74,1
DA:75,0
DA:84,1
LF:15
LH:7
BRF:0
BRH:0
end_of_record
TN:
SF:C:\Users\z0043zwf\Desktop\LeoProject\services\query\users.js
FN:1,getAllUsers
FNF:1
FNH:1
FNDA:1,getAllUsers
DA:2,1
DA:10,1
LF:2
LH:2
BRF:0
BRH:0
end_of_record
TN:
SF:C:\Users\z0043zwf\Desktop\LeoProject\utils\request-utils.js
FN:11,resolveError
FN:45,cors
FN:47,(anonymous_2)
FN:62,defaultErrorHandler
FN:72,developmentErrorHandler
FN:76,productionErrorHandler
FNF:6
FNH:3
FNDA:0,resolveError
FNDA:2,cors
FNDA:2,(anonymous_2)
FNDA:2,defaultErrorHandler
FNDA:0,developmentErrorHandler
FNDA:0,productionErrorHandler
DA:1,1
DA:2,1
DA:12,0
DA:21,0
DA:22,0
DA:23,0
DA:24,0
DA:26,0
DA:27,0
DA:30,0
DA:32,0
DA:33,0
DA:40,0
DA:42,0
DA:46,2
DA:47,2
DA:48,2
DA:49,2
DA:53,2
DA:54,2
DA:55,0
DA:57,2
DA:63,2
DA:67,2
DA:69,0
DA:73,0
DA:77,0
DA:80,1
LF:28
LH:12
BRDA:21,0,0,0
BRDA:21,0,1,0
BRDA:23,1,0,0
BRDA:23,1,1,0
BRDA:27,2,0,0
BRDA:27,2,1,0
BRDA:32,3,0,0
BRDA:32,3,1,0
BRDA:45,4,0,2
BRDA:46,5,0,2
BRDA:46,5,1,2
BRDA:54,6,0,0
BRDA:54,6,1,2
BRDA:63,7,0,2
BRDA:63,7,1,0
BRDA:64,8,0,2
BRDA:64,8,1,2
BRF:17
BRH:7
end_of_record
TN:
SF:C:\Users\z0043zwf\Desktop\LeoProject\validation\tasks.js
FN:10,createTask
FN:28,setTaskState
FN:38,setTaskStateDone
FN:54,deleteIdTask
FN:63,countTask
FN:72,countTasksByState
FN:86,getTaskByState
FNF:7
FNH:0
FNDA:0,createTask
FNDA:0,setTaskState
FNDA:0,setTaskStateDone
FNDA:0,deleteIdTask
FNDA:0,countTask
FNDA:0,countTasksByState
FNDA:0,getTaskByState
DA:7,1
DA:8,1
DA:11,0
DA:26,1
DA:29,0
DA:39,0
DA:55,0
DA:64,0
DA:73,0
DA:87,0
DA:92,1
LF:11
LH:4
BRF:0
BRH:0
end_of_record
