TN:
SF:C:\Users\yoyol\Desktop\College stuff\Time Manager\Time Manager\__tests__\helpers\setup.js
FN:6,getExpressApp
FNF:1
FNH:1
FNDA:9,getExpressApp
DA:1,3
DA:2,3
DA:3,3
DA:4,3
DA:7,9
DA:9,9
DA:14,9
DA:15,9
DA:18,9
DA:23,3
LF:10
LH:10
BRDA:2,0,0,3
BRDA:2,0,1,0
BRF:2
BRH:1
end_of_record
TN:
SF:C:\Users\yoyol\Desktop\College stuff\Time Manager\Time Manager\config\default.js
FNF:0
FNH:0
DA:1,3
DA:2,3
LF:2
LH:2
BRDA:1,0,0,3
BRDA:1,0,1,0
BRDA:4,1,0,3
BRDA:4,1,1,3
BRDA:6,2,0,3
BRDA:6,2,1,3
BRDA:7,3,0,3
BRDA:7,3,1,3
BRDA:9,4,0,3
BRDA:9,4,1,3
BRDA:10,5,0,3
BRDA:10,5,1,3
BRDA:11,6,0,3
BRDA:11,6,1,3
BRF:14
BRH:13
end_of_record
TN:
SF:C:\Users\yoyol\Desktop\College stuff\Time Manager\Time Manager\config\index.js
FNF:0
FNH:0
DA:1,3
DA:2,3
DA:3,3
DA:5,3
LF:4
LH:4
BRDA:2,0,0,3
BRDA:2,0,1,0
BRF:2
BRH:1
end_of_record
TN:
SF:C:\Users\yoyol\Desktop\College stuff\Time Manager\Time Manager\config\test.js
FNF:0
FNH:0
DA:1,3
LF:1
LH:1
BRF:0
BRH:0
end_of_record
TN:
SF:C:\Users\yoyol\Desktop\College stuff\Time Manager\Time Manager\controller\auth.js
FN:6,(anonymous_0)
FNF:1
FNH:1
FNDA:1,(anonymous_0)
DA:1,1
DA:2,1
DA:3,1
DA:6,1
DA:7,1
DA:15,1
DA:18,1
LF:7
LH:7
BRF:0
BRH:0
end_of_record
TN:
SF:C:\Users\yoyol\Desktop\College stuff\Time Manager\Time Manager\controller\meetings.js
FN:12,(anonymous_0)
FN:30,(anonymous_1)
FN:34,(anonymous_2)
FN:50,(anonymous_3)
FN:67,(anonymous_4)
FN:81,(anonymous_5)
FNF:6
FNH:1
FNDA:1,(anonymous_0)
FNDA:0,(anonymous_1)
FNDA:0,(anonymous_2)
FNDA:0,(anonymous_3)
FNDA:0,(anonymous_4)
FNDA:0,(anonymous_5)
DA:1,1
DA:2,1
DA:4,1
DA:5,1
DA:6,1
DA:7,1
DA:9,1
DA:13,1
DA:14,1
DA:15,1
DA:16,1
DA:17,1
DA:18,1
DA:19,1
DA:20,1
DA:22,0
DA:27,1
DA:31,0
DA:32,0
DA:33,0
DA:34,0
DA:35,0
DA:40,0
DA:42,0
DA:47,1
DA:51,0
DA:52,0
DA:53,0
DA:54,0
DA:55,0
DA:56,0
DA:58,0
DA:65,1
DA:68,0
DA:69,0
DA:70,0
DA:71,0
DA:72,0
DA:74,0
DA:79,1
DA:82,0
DA:83,0
DA:84,0
DA:85,0
DA:87,0
DA:92,1
LF:46
LH:20
BRF:0
BRH:0
end_of_record
TN:
SF:C:\Users\yoyol\Desktop\College stuff\Time Manager\Time Manager\controller\tasks.js
FN:16,(anonymous_0)
FN:34,(anonymous_1)
FN:40,(anonymous_2)
FN:56,(anonymous_3)
FN:59,(anonymous_4)
FN:74,(anonymous_5)
FN:90,(anonymous_6)
FN:104,(anonymous_7)
FN:117,(anonymous_8)
FN:121,(anonymous_9)
FN:137,(anonymous_10)
FNF:11
FNH:3
FNDA:4,(anonymous_0)
FNDA:0,(anonymous_1)
FNDA:0,(anonymous_2)
FNDA:0,(anonymous_3)
FNDA:0,(anonymous_4)
FNDA:1,(anonymous_5)
FNDA:0,(anonymous_6)
FNDA:0,(anonymous_7)
FNDA:0,(anonymous_8)
FNDA:0,(anonymous_9)
FNDA:1,(anonymous_10)
DA:1,1
DA:2,1
DA:4,1
DA:5,1
DA:6,1
DA:7,1
DA:8,1
DA:9,1
DA:13,1
DA:17,4
DA:18,4
DA:19,4
DA:20,4
DA:21,4
DA:22,4
DA:23,4
DA:26,0
DA:31,1
DA:36,0
DA:37,0
DA:38,0
DA:40,0
DA:41,0
DA:46,0
DA:47,0
DA:49,0
DA:54,1
DA:57,0
DA:58,0
DA:59,0
DA:60,0
DA:65,0
DA:67,0
DA:72,1
DA:75,1
DA:76,1
DA:77,1
DA:78,1
DA:79,1
DA:81,0
DA:88,1
DA:91,0
DA:92,0
DA:93,0
DA:94,0
DA:95,0
DA:97,0
DA:102,1
DA:105,0
DA:106,0
DA:107,0
DA:108,0
DA:110,0
DA:115,1
DA:118,0
DA:119,0
DA:120,0
DA:121,0
DA:122,0
DA:127,0
DA:129,0
DA:135,1
DA:138,1
DA:139,1
DA:140,1
DA:141,1
DA:143,0
DA:153,1
LF:68
LH:33
BRF:0
BRH:0
end_of_record
TN:
SF:C:\Users\yoyol\Desktop\College stuff\Time Manager\Time Manager\controller\users.js
FN:10,(anonymous_0)
FN:28,(anonymous_1)
FN:32,(anonymous_2)
FNF:3
FNH:1
FNDA:1,(anonymous_0)
FNDA:0,(anonymous_1)
FNDA:0,(anonymous_2)
DA:1,1
DA:2,1
DA:4,1
DA:5,1
DA:8,1
DA:11,1
DA:12,1
DA:16,1
DA:17,1
DA:18,1
DA:21,0
DA:30,0
DA:31,0
DA:32,0
DA:33,0
DA:38,0
DA:41,0
DA:45,1
LF:18
LH:11
BRF:0
BRH:0
end_of_record
TN:
SF:C:\Users\yoyol\Desktop\College stuff\Time Manager\Time Manager\error\error.js
FN:2,(anonymous_0)
FN:12,(anonymous_1)
FNF:2
FNH:1
FNDA:1,(anonymous_0)
FNDA:0,(anonymous_1)
DA:1,4
DA:7,1
DA:8,1
DA:9,1
DA:13,0
LF:5
LH:4
BRDA:4,0,0,0
BRDA:5,1,0,1
BRDA:13,2,0,0
BRDA:13,2,1,0
BRF:4
BRH:1
end_of_record
TN:
SF:C:\Users\yoyol\Desktop\College stuff\Time Manager\Time Manager\repository\task.js
FN:2,(anonymous_0)
FN:11,(anonymous_1)
FNF:2
FNH:2
FNDA:4,(anonymous_0)
FNDA:4,(anonymous_1)
DA:3,4
DA:4,4
DA:5,4
DA:6,4
DA:7,4
DA:8,4
DA:12,4
DA:23,1
LF:8
LH:8
BRDA:5,0,0,4
BRDA:5,0,1,0
BRF:2
BRH:1
end_of_record
TN:
SF:C:\Users\yoyol\Desktop\College stuff\Time Manager\Time Manager\services\auth.js
FN:5,users
FN:8,(anonymous_1)
FN:14,asyncAuthorizer
FN:27,getUnauthorizedResponse
FNF:4
FNH:4
FNDA:10,users
FNDA:80,(anonymous_1)
FNDA:10,asyncAuthorizer
FNDA:1,getUnauthorizedResponse
DA:1,3
DA:2,3
DA:3,3
DA:6,10
DA:7,10
DA:8,10
DA:9,80
DA:11,10
DA:15,10
DA:16,10
DA:17,0
DA:19,10
DA:20,0
DA:23,10
DA:28,1
DA:35,1
DA:38,3
LF:17
LH:15
BRDA:16,0,0,0
BRDA:16,0,1,10
BRDA:19,1,0,0
BRDA:19,1,1,10
BRDA:29,2,0,0
BRDA:29,2,1,1
BRF:6
BRH:3
end_of_record
TN:
SF:C:\Users\yoyol\Desktop\College stuff\Time Manager\Time Manager\services\elasticsearch\client.js
FNF:0
FNH:0
DA:1,3
DA:2,3
DA:4,3
DA:9,3
LF:4
LH:4
BRF:0
BRH:0
end_of_record
TN:
SF:C:\Users\yoyol\Desktop\College stuff\Time Manager\Time Manager\services\elasticsearch\count.js
FN:10,(anonymous_0)
FN:19,countTheTotalNumberOfMeetings
FN:24,countMeetingForUser
FN:29,countTaskForUser
FN:34,countTaskForState
FNF:5
FNH:0
FNDA:0,(anonymous_0)
FNDA:0,countTheTotalNumberOfMeetings
FNDA:0,countMeetingForUser
FNDA:0,countTaskForUser
FNDA:0,countTaskForState
DA:1,3
DA:2,3
DA:3,3
DA:4,3
DA:10,3
DA:11,0
DA:20,0
DA:21,0
DA:25,0
DA:30,0
DA:31,0
DA:35,0
DA:36,0
DA:37,0
DA:40,3
LF:15
LH:6
BRF:0
BRH:0
end_of_record
TN:
SF:C:\Users\yoyol\Desktop\College stuff\Time Manager\Time Manager\services\elasticsearch\createIndex.js
FN:3,(anonymous_0)
FNF:1
FNH:0
FNDA:0,(anonymous_0)
DA:1,3
DA:3,3
DA:4,0
DA:9,3
LF:4
LH:3
BRF:0
BRH:0
end_of_record
TN:
SF:C:\Users\yoyol\Desktop\College stuff\Time Manager\Time Manager\services\elasticsearch\deleteIndex.js
FN:4,(anonymous_0)
FN:10,(anonymous_1)
FN:17,(anonymous_2)
FN:21,(anonymous_3)
FNF:4
FNH:2
FNDA:0,(anonymous_0)
FNDA:1,(anonymous_1)
FNDA:1,(anonymous_2)
FNDA:0,(anonymous_3)
DA:1,3
DA:2,3
DA:4,3
DA:5,0
DA:10,3
DA:11,1
DA:17,3
DA:18,1
DA:21,3
DA:22,0
DA:24,3
LF:11
LH:9
BRF:0
BRH:0
end_of_record
TN:
SF:C:\Users\yoyol\Desktop\College stuff\Time Manager\Time Manager\services\elasticsearch\index.js
FN:11,checkIfIndexExistsOrCreateIt
FN:12,(anonymous_1)
FN:20,(anonymous_2)
FNF:3
FNH:0
FNDA:0,checkIfIndexExistsOrCreateIt
FNDA:0,(anonymous_1)
FNDA:0,(anonymous_2)
DA:1,3
DA:2,3
DA:3,3
DA:4,3
DA:5,3
DA:6,3
DA:7,3
DA:8,3
DA:9,3
DA:12,0
DA:13,0
DA:14,0
DA:19,0
DA:20,0
DA:21,0
DA:22,0
DA:23,0
DA:26,0
DA:29,3
LF:19
LH:10
BRDA:21,0,0,0
BRDA:21,0,1,0
BRF:2
BRH:0
end_of_record
TN:
SF:C:\Users\yoyol\Desktop\College stuff\Time Manager\Time Manager\services\elasticsearch\insertData.js
FN:4,(anonymous_0)
FN:12,(anonymous_1)
FN:16,insertTask
FN:20,(anonymous_3)
FNF:4
FNH:4
FNDA:6,(anonymous_0)
FNDA:1,(anonymous_1)
FNDA:4,insertTask
FNDA:1,(anonymous_3)
DA:1,3
DA:2,3
DA:4,3
DA:5,6
DA:12,3
DA:13,1
DA:17,4
DA:20,3
DA:21,1
DA:26,3
LF:10
LH:10
BRF:0
BRH:0
end_of_record
TN:
SF:C:\Users\yoyol\Desktop\College stuff\Time Manager\Time Manager\services\elasticsearch\search.js
FN:9,(anonymous_0)
FN:18,getUserMeetings
FN:23,getUserTasks
FN:28,getAllTasks
FN:33,getIdTasks
FN:38,getTaskState
FN:44,getSystemUsers
FN:49,getMeetingsByTimeFrame
FNF:8
FNH:2
FNDA:10,(anonymous_0)
FNDA:0,getUserMeetings
FNDA:0,getUserTasks
FNDA:0,getAllTasks
FNDA:0,getIdTasks
FNDA:0,getTaskState
FNDA:10,getSystemUsers
FNDA:0,getMeetingsByTimeFrame
DA:1,3
DA:2,3
DA:3,3
DA:4,3
DA:5,3
DA:6,3
DA:7,3
DA:9,3
DA:10,10
DA:19,0
DA:20,0
DA:24,0
DA:25,0
DA:29,0
DA:30,0
DA:34,0
DA:35,0
DA:39,0
DA:40,0
DA:45,10
DA:46,10
DA:50,0
DA:51,0
DA:52,0
DA:53,0
DA:54,0
DA:57,3
LF:27
LH:12
BRDA:50,0,0,0
BRDA:50,0,1,0
BRDA:51,1,0,0
BRDA:51,1,1,0
BRF:4
BRH:0
end_of_record
TN:
SF:C:\Users\yoyol\Desktop\College stuff\Time Manager\Time Manager\services\elasticsearch\update.js
FN:4,(anonymous_0)
FN:18,(anonymous_1)
FNF:2
FNH:1
FNDA:1,(anonymous_0)
FNDA:0,(anonymous_1)
DA:1,3
DA:2,3
DA:4,3
DA:5,1
DA:15,1
DA:18,3
DA:19,0
DA:29,0
DA:33,3
LF:9
LH:7
BRF:0
BRH:0
end_of_record
TN:
SF:C:\Users\yoyol\Desktop\College stuff\Time Manager\Time Manager\services\logging\logging.js
FN:16,createRequestLogger
FN:21,(anonymous_1)
FNF:2
FNH:1
FNDA:3,createRequestLogger
FNDA:0,(anonymous_1)
DA:1,3
DA:2,3
DA:4,3
DA:9,3
DA:17,3
DA:22,0
DA:23,0
DA:24,0
DA:30,0
DA:31,0
DA:32,0
DA:37,3
DA:40,3
DA:62,3
LF:14
LH:8
BRF:0
BRH:0
end_of_record
TN:
SF:C:\Users\yoyol\Desktop\College stuff\Time Manager\Time Manager\services\query\meetings.js
FN:1,matchMeetingByName
FN:9,(anonymous_1)
FN:17,(anonymous_2)
FN:27,(anonymous_3)
FNF:4
FNH:0
FNDA:0,matchMeetingByName
FNDA:0,(anonymous_1)
FNDA:0,(anonymous_2)
FNDA:0,(anonymous_3)
DA:2,0
DA:9,3
DA:10,0
DA:17,3
DA:18,0
DA:27,3
DA:28,0
DA:29,0
DA:54,3
LF:9
LH:4
BRF:0
BRH:0
end_of_record
TN:
SF:C:\Users\yoyol\Desktop\College stuff\Time Manager\Time Manager\services\query\tasks.js
FN:1,matchTasksByName
FN:9,matchTasksByState
FN:17,(anonymous_2)
FN:25,(anonymous_3)
FN:35,(anonymous_4)
FN:45,(anonymous_5)
FN:55,(anonymous_6)
FN:74,(anonymous_7)
FNF:8
FNH:0
FNDA:0,matchTasksByName
FNDA:0,matchTasksByState
FNDA:0,(anonymous_2)
FNDA:0,(anonymous_3)
FNDA:0,(anonymous_4)
FNDA:0,(anonymous_5)
FNDA:0,(anonymous_6)
FNDA:0,(anonymous_7)
DA:2,0
DA:10,0
DA:17,3
DA:18,0
DA:25,3
DA:26,0
DA:35,3
DA:36,0
DA:45,3
DA:46,0
DA:55,3
DA:56,0
DA:74,3
DA:75,0
DA:84,3
LF:15
LH:7
BRF:0
BRH:0
end_of_record
TN:
SF:C:\Users\yoyol\Desktop\College stuff\Time Manager\Time Manager\services\query\users.js
FN:1,getAllUsers
FNF:1
FNH:1
FNDA:10,getAllUsers
DA:2,10
DA:10,3
LF:2
LH:2
BRF:0
BRH:0
end_of_record
TN:
SF:C:\Users\yoyol\Desktop\College stuff\Time Manager\Time Manager\utils\request-utils.js
FN:11,resolveError
FN:45,cors
FN:47,(anonymous_2)
FN:62,defaultErrorHandler
FN:72,developmentErrorHandler
FN:76,productionErrorHandler
FNF:6
FNH:3
FNDA:0,resolveError
FNDA:9,cors
FNDA:12,(anonymous_2)
FNDA:9,defaultErrorHandler
FNDA:0,developmentErrorHandler
FNDA:0,productionErrorHandler
DA:1,3
DA:2,3
DA:12,0
DA:21,0
DA:22,0
DA:23,0
DA:24,0
DA:26,0
DA:27,0
DA:30,0
DA:32,0
DA:33,0
DA:40,0
DA:42,0
DA:46,9
DA:47,9
DA:48,12
DA:49,12
DA:53,12
DA:54,12
DA:55,0
DA:57,12
DA:63,9
DA:67,9
DA:69,0
DA:73,0
DA:77,0
DA:80,3
LF:28
LH:12
BRDA:21,0,0,0
BRDA:21,0,1,0
BRDA:23,1,0,0
BRDA:23,1,1,0
BRDA:27,2,0,0
BRDA:27,2,1,0
BRDA:32,3,0,0
BRDA:32,3,1,0
BRDA:45,4,0,9
BRDA:46,5,0,9
BRDA:46,5,1,9
BRDA:54,6,0,0
BRDA:54,6,1,12
BRDA:63,7,0,9
BRDA:63,7,1,0
BRDA:64,8,0,9
BRDA:64,8,1,9
BRF:17
BRH:7
end_of_record
TN:
SF:C:\Users\yoyol\Desktop\College stuff\Time Manager\Time Manager\validation\index.js
FN:6,validate
FN:7,(anonymous_1)
FNF:2
FNH:2
FNDA:10,validate
FNDA:10,(anonymous_1)
DA:1,3
DA:2,3
DA:3,3
DA:4,3
DA:7,10
DA:8,10
DA:9,10
DA:10,2
DA:12,8
DA:17,3
LF:10
LH:10
BRDA:9,0,0,2
BRDA:9,0,1,8
BRF:2
BRH:2
end_of_record
TN:
SF:C:\Users\yoyol\Desktop\College stuff\Time Manager\Time Manager\validation\meetings.js
FN:12,createMeeting
FN:30,setMeetingState
FN:41,deleteIdMeeting
FNF:3
FNH:3
FNDA:1,createMeeting
FNDA:1,setMeetingState
FNDA:1,deleteIdMeeting
DA:7,3
DA:8,3
DA:10,3
DA:13,1
DA:31,1
DA:42,1
DA:54,3
LF:7
LH:7
BRF:0
BRH:0
end_of_record
TN:
SF:C:\Users\yoyol\Desktop\College stuff\Time Manager\Time Manager\validation\tasks.js
FN:10,createTask
FN:28,setTaskState
FN:38,setTaskStateDone
FN:54,deleteIdTask
FN:63,countTask
FN:72,countTasksByState
FN:86,getTaskByState
FNF:7
FNH:6
FNDA:1,createTask
FNDA:1,setTaskState
FNDA:0,setTaskStateDone
FNDA:1,deleteIdTask
FNDA:1,countTask
FNDA:1,countTasksByState
FNDA:1,getTaskByState
DA:7,3
DA:8,3
DA:11,1
DA:26,3
DA:29,1
DA:39,0
DA:55,1
DA:64,1
DA:73,1
DA:87,1
DA:92,3
LF:11
LH:10
BRF:0
BRH:0
end_of_record
TN:
SF:C:\Users\yoyol\Desktop\College stuff\Time Manager\Time Manager\validation\users.js
FN:10,userCallAPI
FNF:1
FNH:1
FNDA:1,userCallAPI
DA:7,3
DA:8,3
DA:11,1
DA:23,3
LF:4
LH:4
BRF:0
BRH:0
end_of_record
